Log file open, 03/12/23 13:25:30
LogWindows: Failed to load 'aqProf.dll' (GetLastError=126)
LogWindows: File 'aqProf.dll' does not exist
LogWindows: Failed to load 'VtuneApi.dll' (GetLastError=126)
LogWindows: File 'VtuneApi.dll' does not exist
LogWindows: Failed to load 'VtuneApi32e.dll' (GetLastError=126)
LogWindows: File 'VtuneApi32e.dll' does not exist
LogConsoleResponse: Display: Failed to find resolution value strings in scalability ini. Falling back to default.
LogConsoleResponse: Display: Failed to find resolution value strings in scalability ini. Falling back to default.
LogInit: Display: Running engine for game: Solovev_GB_4_27
LogPlatformFile: Not using cached read wrapper
LogTaskGraph: Started task graph with 5 named threads and 20 total threads with 3 sets of task threads.
LogStats: Stats thread started at 0.226546
LogICUInternationalization: ICU TimeZone Detection - Raw Offset: +4:00, Platform Override: ''
LogInit: Display: Loading text-based GConfig....
LogPluginManager: Mounting plugin MeshPainting
LogPluginManager: Mounting plugin XGEController
LogPluginManager: Mounting plugin Paper2D
LogPluginManager: Mounting plugin LiveLink
LogPluginManager: Mounting plugin LightPropagationVolume
LogPluginManager: Mounting plugin OodleData
LogPluginManager: Mounting plugin OodleNetwork
LogPluginManager: Mounting plugin AssetManagerEditor
LogPluginManager: Mounting plugin CurveEditorTools
LogPluginManager: Mounting plugin CryptoKeys
LogPluginManager: Mounting plugin DataValidation
LogPluginManager: Mounting plugin FacialAnimation
LogPluginManager: Mounting plugin GameplayTagsEditor
LogPluginManager: Mounting plugin GeometryMode
LogPluginManager: Mounting plugin MacGraphicsSwitching
LogPluginManager: Mounting plugin MaterialAnalyzer
LogPluginManager: Mounting plugin MobileLauncherProfileWizard
LogPluginManager: Mounting plugin PluginBrowser
LogPluginManager: Mounting plugin SpeedTreeImporter
LogPluginManager: Mounting plugin CameraShakePreviewer
LogPluginManager: Mounting plugin DatasmithContent
LogPluginManager: Mounting plugin GameplayCameras
LogPluginManager: Mounting plugin VariantManagerContent
LogPluginManager: Mounting plugin AnimationSharing
LogPluginManager: Mounting plugin CLionSourceCodeAccess
LogPluginManager: Mounting plugin CodeLiteSourceCodeAccess
LogPluginManager: Mounting plugin GitSourceControl
LogPluginManager: Mounting plugin KDevelopSourceCodeAccess
LogPluginManager: Mounting plugin NullSourceCodeAccess
LogPluginManager: Mounting plugin PerforceSourceControl
LogPluginManager: Mounting plugin PixWinPlugin
LogPluginManager: Mounting plugin PlasticSourceControl
LogPluginManager: Mounting plugin PluginUtils
LogPluginManager: Mounting plugin PropertyAccessNode
LogPluginManager: Mounting plugin RiderSourceCodeAccess
LogPluginManager: Mounting plugin SubversionSourceControl
LogPluginManager: Mounting plugin TextureFormatOodle
LogPluginManager: Mounting plugin UObjectPlugin
LogPluginManager: Mounting plugin VisualStudioSourceCodeAccess
LogPluginManager: Mounting plugin VisualStudioCodeSourceCodeAccess
LogPluginManager: Mounting plugin XCodeSourceCodeAccess
LogPluginManager: Mounting plugin Niagara
LogPluginManager: Mounting plugin AlembicImporter
LogPluginManager: Mounting plugin AutomationUtils
LogPluginManager: Mounting plugin BackChannel
LogPluginManager: Mounting plugin ChaosCloth
LogPluginManager: Mounting plugin ChaosEditor
LogPluginManager: Mounting plugin ChaosClothEditor
LogPluginManager: Mounting plugin ChaosNiagara
LogPluginManager: Mounting plugin ChaosSolverPlugin
LogPluginManager: Mounting plugin CharacterAI
LogPluginManager: Mounting plugin GeometryCache
LogPluginManager: Mounting plugin GeometryProcessing
LogPluginManager: Mounting plugin GeometryCollectionPlugin
LogPluginManager: Mounting plugin MotoSynth
LogPluginManager: Mounting plugin OpenImageDenoise
LogPluginManager: Mounting plugin PlanarCut
LogPluginManager: Mounting plugin ProxyLODPlugin
LogPluginManager: Mounting plugin PlatformCrypto
LogPluginManager: Mounting plugin PythonScriptPlugin
LogPluginManager: Mounting plugin SkeletalReduction
LogPluginManager: Mounting plugin LuminPlatformFeatures
LogPluginManager: Mounting plugin MagicLeap
LogPluginManager: Mounting plugin MagicLeapLightEstimation
LogPluginManager: Mounting plugin MagicLeapMedia
LogPluginManager: Mounting plugin MagicLeapPassableWorld
LogPluginManager: Mounting plugin MLSDK
LogPluginManager: Mounting plugin AndroidMedia
LogPluginManager: Mounting plugin AvfMedia
LogPluginManager: Mounting plugin ImgMedia
LogPluginManager: Mounting plugin MediaCompositing
LogPluginManager: Mounting plugin MediaPlayerEditor
LogPluginManager: Mounting plugin WebMMedia
LogPluginManager: Mounting plugin WmfMedia
LogPluginManager: Mounting plugin TcpMessaging
LogPluginManager: Mounting plugin UdpMessaging
LogPluginManager: Mounting plugin ActorSequence
LogPluginManager: Mounting plugin LevelSequenceEditor
LogPluginManager: Mounting plugin MatineeToLevelSequence
LogPluginManager: Mounting plugin TemplateSequence
LogPluginManager: Mounting plugin OnlineSubsystem
LogPluginManager: Mounting plugin OnlineSubsystemNull
LogPluginManager: Mounting plugin OnlineSubsystemUtils
LogPluginManager: Mounting plugin LauncherChunkInstaller
LogPluginManager: Mounting plugin ActorLayerUtilities
LogPluginManager: Mounting plugin AndroidDeviceProfileSelector
LogPluginManager: Mounting plugin AndroidMoviePlayer
LogPluginManager: Mounting plugin AndroidPermission
LogPluginManager: Mounting plugin AppleImageUtils
LogPluginManager: Mounting plugin AppleMoviePlayer
LogPluginManager: Mounting plugin ArchVisCharacter
LogPluginManager: Mounting plugin AssetTags
LogPluginManager: Mounting plugin AudioCapture
LogPluginManager: Mounting plugin AudioSynesthesia
LogPluginManager: Mounting plugin CableComponent
LogPluginManager: Mounting plugin ChunkDownloader
LogPluginManager: Mounting plugin CustomMeshComponent
LogPluginManager: Mounting plugin EditableMesh
LogPluginManager: Mounting plugin ExampleDeviceProfileSelector
LogPluginManager: Mounting plugin GoogleCloudMessaging
LogPluginManager: Mounting plugin GooglePAD
LogPluginManager: Mounting plugin IOSDeviceProfileSelector
LogPluginManager: Mounting plugin LinuxDeviceProfileSelector
LogPluginManager: Mounting plugin LocationServicesBPLibrary
LogPluginManager: Mounting plugin MobilePatchingUtils
LogPluginManager: Mounting plugin OpenXREyeTracker
LogPluginManager: Mounting plugin OpenXR
LogPluginManager: Mounting plugin OpenXRHandTracking
LogPluginManager: Mounting plugin PhysXVehicles
LogPluginManager: Mounting plugin PostSplashScreen
LogPluginManager: Mounting plugin ProceduralMeshComponent
LogPluginManager: Mounting plugin PropertyAccessEditor
LogPluginManager: Mounting plugin RuntimePhysXCooking
LogPluginManager: Mounting plugin SignificanceManager
LogPluginManager: Mounting plugin SoundFields
LogPluginManager: Mounting plugin Synthesis
LogPluginManager: Mounting plugin WebMMoviePlayer
LogPluginManager: Mounting plugin WindowsMoviePlayer
LogPluginManager: Mounting plugin ScreenshotTools
LogPluginManager: Mounting plugin Takes
LogPluginManager: Mounting plugin AISupport
LogPluginManager: Mounting plugin EnvironmentQueryEditor
LogPluginManager: Mounting plugin ContentBrowserAssetDataSource
LogPluginManager: Mounting plugin ContentBrowserFileDataSource
LogPluginManager: Mounting plugin ContentBrowserClassDataSource
LogPluginManager: Mounting plugin OnlineSubsystemGooglePlay
LogPluginManager: Mounting plugin OnlineSubsystemIOS
LogPluginManager: Mounting plugin OculusVR
LogPluginManager: Mounting plugin SteamVR
PixWinPlugin: PIX capture plugin failed to initialize! Check that the process is launched from PIX.
LogInit: Using libcurl 7.55.1-DEV
LogInit:  - built for x86_64-pc-win32
LogInit:  - supports SSL with OpenSSL/1.1.1
LogInit:  - supports HTTP deflate (compression) using libz 1.2.8
LogInit:  - other features:
LogInit:      CURL_VERSION_SSL
LogInit:      CURL_VERSION_LIBZ
LogInit:      CURL_VERSION_IPV6
LogInit:      CURL_VERSION_ASYNCHDNS
LogInit:      CURL_VERSION_LARGEFILE
LogInit:      CURL_VERSION_IDN
LogInit:  CurlRequestOptions (configurable via config and command line):
LogInit:  - bVerifyPeer = true  - Libcurl will verify peer certificate
LogInit:  - bUseHttpProxy = false  - Libcurl will NOT use HTTP proxy
LogInit:  - bDontReuseConnections = false  - Libcurl will reuse connections
LogInit:  - MaxHostConnections = 16  - Libcurl will limit the number of connections to a host
LogInit:  - LocalHostAddr = Default
LogInit:  - BufferSize = 65536
LogOnline: OSS: Creating online subsystem instance for: NULL
LogInit: WinSock: version 1.1 (2.2), MaxSocks=32767, MaxUdp=65467
LogOnline: OSS: TryLoadSubsystemAndSetDefault: Loaded subsystem for module [NULL]
LogOculusPluginWrapper: OculusPlugin initialized successfully
LogHMD: Failed initializing OVRPlugin 1.59.0
LogInit: Build: ++UE4+Release-4.27-CL-18319896
LogInit: Engine Version: 4.27.2-18319896+++UE4+Release-4.27
LogInit: Compatible Engine Version: 4.27.0-17155196+++UE4+Release-4.27
LogInit: Net CL: 17155196
LogInit: OS: Windows 10 (Release 2009) (), CPU: Intel(R) Core(TM) i5-9400F CPU @ 2.90GHz, GPU: NVIDIA GeForce RTX 2060
LogInit: Compiled (64-bit): Nov 30 2021 07:12:08
LogInit: Compiled with Visual C++: 19.24.28315.00
LogInit: Build Configuration: Development
LogInit: Branch Name: ++UE4+Release-4.27
LogInit: Command Line: 
LogInit: Base Directory: C:/Program Files/Epic Games/UE_4.27/Engine/Binaries/Win64/
LogInit: Allocator: TBB
LogInit: Installed Engine Build: 1
LogDevObjectVersion: Number of dev versions registered: 29
LogDevObjectVersion:   Dev-Blueprints (B0D832E4-1F89-4F0D-ACCF-7EB736FD4AA2): 10
LogDevObjectVersion:   Dev-Build (E1C64328-A22C-4D53-A36C-8E866417BD8C): 0
LogDevObjectVersion:   Dev-Core (375EC13C-06E4-48FB-B500-84F0262A717E): 4
LogDevObjectVersion:   Dev-Editor (E4B068ED-F494-42E9-A231-DA0B2E46BB41): 40
LogDevObjectVersion:   Dev-Framework (CFFC743F-43B0-4480-9391-14DF171D2073): 37
LogDevObjectVersion:   Dev-Mobile (B02B49B5-BB20-44E9-A304-32B752E40360): 3
LogDevObjectVersion:   Dev-Networking (A4E4105C-59A1-49B5-A7C5-40C4547EDFEE): 0
LogDevObjectVersion:   Dev-Online (39C831C9-5AE6-47DC-9A44-9C173E1C8E7C): 0
LogDevObjectVersion:   Dev-Physics (78F01B33-EBEA-4F98-B9B4-84EACCB95AA2): 14
LogDevObjectVersion:   Dev-Platform (6631380F-2D4D-43E0-8009-CF276956A95A): 0
LogDevObjectVersion:   Dev-Rendering (12F88B9F-8875-4AFC-A67C-D90C383ABD29): 45
LogDevObjectVersion:   Dev-Sequencer (7B5AE74C-D270-4C10-A958-57980B212A5A): 13
LogDevObjectVersion:   Dev-VR (D7296918-1DD6-4BDD-9DE2-64A83CC13884): 3
LogDevObjectVersion:   Dev-LoadTimes (C2A15278-BFE7-4AFE-6C17-90FF531DF755): 1
LogDevObjectVersion:   Private-Geometry (6EACA3D4-40EC-4CC1-B786-8BED09428FC5): 3
LogDevObjectVersion:   Dev-AnimPhys (29E575DD-E0A3-4627-9D10-D276232CDCEA): 17
LogDevObjectVersion:   Dev-Anim (AF43A65D-7FD3-4947-9873-3E8ED9C1BB05): 15
LogDevObjectVersion:   Dev-ReflectionCapture (6B266CEC-1EC7-4B8F-A30B-E4D90942FC07): 1
LogDevObjectVersion:   Dev-Automation (0DF73D61-A23F-47EA-B727-89E90C41499A): 1
LogDevObjectVersion:   FortniteMain (601D1886-AC64-4F84-AA16-D3DE0DEAC7D6): 47
LogDevObjectVersion:   FortniteRelease (E7086368-6B23-4C58-8439-1B7016265E91): 1
LogDevObjectVersion:   Dev-Enterprise (9DFFBCD6-494F-0158-E221-12823C92A888): 10
LogDevObjectVersion:   Dev-Niagara (F2AED0AC-9AFE-416F-8664-AA7FFA26D6FC): 1
LogDevObjectVersion:   Dev-Destruction (174F1F0B-B4C6-45A5-B13F-2EE8D0FB917D): 10
LogDevObjectVersion:   Dev-Physics-Ext (35F94A83-E258-406C-A318-09F59610247C): 41
LogDevObjectVersion:   Dev-PhysicsMaterial-Chaos (B68FC16E-8B1B-42E2-B453-215C058844FE): 1
LogDevObjectVersion:   Dev-CineCamera (B2E18506-4273-CFC2-A54E-F4BB758BBA07): 1
LogDevObjectVersion:   Dev-VirtualProduction (64F58936-FD1B-42BA-BA96-7289D5D0FA4E): 1
LogDevObjectVersion:   Dev-MediaFramework (6F0ED827-A609-4895-9C91-998D90180EA4): 2
LogInit: Presizing for max 25165824 objects, including 0 objects not considered by GC, pre-allocating 0 bytes for permanent pool.
LogConfig: Applying CVar settings from Section [/Script/Engine.StreamingSettings] File [Q:/Учеба/4.27/Solovev_GB_4_27/Saved/Config/Windows/Engine.ini]
LogConfig: Setting CVar [[s.MinBulkDataSizeForAsyncLoading:131072]]
LogConfig: Setting CVar [[s.AsyncLoadingThreadEnabled:0]]
LogConfig: Setting CVar [[s.EventDrivenLoaderEnabled:1]]
LogConfig: Setting CVar [[s.WarnIfTimeLimitExceeded:0]]
LogConfig: Setting CVar [[s.TimeLimitExceededMultiplier:1.5]]
LogConfig: Setting CVar [[s.TimeLimitExceededMinTime:0.005]]
LogConfig: Setting CVar [[s.UseBackgroundLevelStreaming:1]]
LogConfig: Setting CVar [[s.PriorityAsyncLoadingExtraTime:15.0]]
LogConfig: Setting CVar [[s.LevelStreamingActorsUpdateTimeLimit:5.0]]
LogConfig: Setting CVar [[s.PriorityLevelStreamingActorsUpdateExtraTime:5.0]]
LogConfig: Setting CVar [[s.LevelStreamingComponentsRegistrationGranularity:10]]
LogConfig: Setting CVar [[s.UnregisterComponentsTimeLimit:1.0]]
LogConfig: Setting CVar [[s.LevelStreamingComponentsUnregistrationGranularity:5]]
LogConfig: Setting CVar [[s.FlushStreamingOnExit:1]]
LogInit: Object subsystem initialized
LogConfig: Setting CVar [[con.DebugEarlyDefault:1]]
LogConfig: Setting CVar [[r.setres:1280x720]]
[2023.03.12-09.25.31:281][  0]LogConfig: Setting CVar [[r.VSync:0]]
[2023.03.12-09.25.31:281][  0]LogConfig: Setting CVar [[r.RHICmdBypass:0]]
[2023.03.12-09.25.31:282][  0]LogConfig: Applying CVar settings from Section [/Script/Engine.RendererSettings] File [Q:/Учеба/4.27/Solovev_GB_4_27/Saved/Config/Windows/Engine.ini]
[2023.03.12-09.25.31:282][  0]LogConfig: Setting CVar [[r.GPUCrashDebugging:0]]
[2023.03.12-09.25.31:282][  0]LogConfig: Applying CVar settings from Section [/Script/Engine.RendererOverrideSettings] File [Q:/Учеба/4.27/Solovev_GB_4_27/Saved/Config/Windows/Engine.ini]
[2023.03.12-09.25.31:282][  0]LogConfig: Applying CVar settings from Section [/Script/Engine.StreamingSettings] File [Q:/Учеба/4.27/Solovev_GB_4_27/Saved/Config/Windows/Engine.ini]
[2023.03.12-09.25.31:282][  0]LogConfig: Setting CVar [[s.MinBulkDataSizeForAsyncLoading:131072]]
[2023.03.12-09.25.31:282][  0]LogConfig: Setting CVar [[s.AsyncLoadingThreadEnabled:0]]
[2023.03.12-09.25.31:282][  0]LogConfig: Setting CVar [[s.EventDrivenLoaderEnabled:1]]
[2023.03.12-09.25.31:282][  0]LogConfig: Setting CVar [[s.WarnIfTimeLimitExceeded:0]]
[2023.03.12-09.25.31:282][  0]LogConfig: Setting CVar [[s.TimeLimitExceededMultiplier:1.5]]
[2023.03.12-09.25.31:282][  0]LogConfig: Setting CVar [[s.TimeLimitExceededMinTime:0.005]]
[2023.03.12-09.25.31:282][  0]LogConfig: Setting CVar [[s.UseBackgroundLevelStreaming:1]]
[2023.03.12-09.25.31:282][  0]LogConfig: Setting CVar [[s.PriorityAsyncLoadingExtraTime:15.0]]
[2023.03.12-09.25.31:282][  0]LogConfig: Setting CVar [[s.LevelStreamingActorsUpdateTimeLimit:5.0]]
[2023.03.12-09.25.31:282][  0]LogConfig: Setting CVar [[s.PriorityLevelStreamingActorsUpdateExtraTime:5.0]]
[2023.03.12-09.25.31:282][  0]LogConfig: Setting CVar [[s.LevelStreamingComponentsRegistrationGranularity:10]]
[2023.03.12-09.25.31:282][  0]LogConfig: Setting CVar [[s.UnregisterComponentsTimeLimit:1.0]]
[2023.03.12-09.25.31:282][  0]LogConfig: Setting CVar [[s.LevelStreamingComponentsUnregistrationGranularity:5]]
[2023.03.12-09.25.31:282][  0]LogConfig: Setting CVar [[s.FlushStreamingOnExit:1]]
[2023.03.12-09.25.31:282][  0]LogConfig: Applying CVar settings from Section [/Script/Engine.GarbageCollectionSettings] File [Q:/Учеба/4.27/Solovev_GB_4_27/Saved/Config/Windows/Engine.ini]
[2023.03.12-09.25.31:282][  0]LogConfig: Setting CVar [[gc.MaxObjectsNotConsideredByGC:1]]
[2023.03.12-09.25.31:282][  0]LogConfig: Setting CVar [[gc.SizeOfPermanentObjectPool:0]]
[2023.03.12-09.25.31:282][  0]LogConfig: Setting CVar [[gc.FlushStreamingOnGC:0]]
[2023.03.12-09.25.31:282][  0]LogConfig: Setting CVar [[gc.NumRetriesBeforeForcingGC:10]]
[2023.03.12-09.25.31:282][  0]LogConfig: Setting CVar [[gc.AllowParallelGC:1]]
[2023.03.12-09.25.31:282][  0]LogConfig: Setting CVar [[gc.TimeBetweenPurgingPendingKillObjects:61.1]]
[2023.03.12-09.25.31:282][  0]LogConfig: Setting CVar [[gc.MaxObjectsInEditor:25165824]]
[2023.03.12-09.25.31:282][  0]LogConfig: Setting CVar [[gc.IncrementalBeginDestroyEnabled:1]]
[2023.03.12-09.25.31:282][  0]LogConfig: Setting CVar [[gc.CreateGCClusters:1]]
[2023.03.12-09.25.31:282][  0]LogConfig: Setting CVar [[gc.MinGCClusterSize:5]]
[2023.03.12-09.25.31:282][  0]LogConfig: Setting CVar [[gc.ActorClusteringEnabled:0]]
[2023.03.12-09.25.31:282][  0]LogConfig: Setting CVar [[gc.BlueprintClusteringEnabled:0]]
[2023.03.12-09.25.31:282][  0]LogConfig: Setting CVar [[gc.UseDisregardForGCOnDedicatedServers:0]]
[2023.03.12-09.25.31:282][  0]LogConfig: Setting CVar [[gc.MultithreadedDestructionEnabled:1]]
[2023.03.12-09.25.31:282][  0]LogConfig: Applying CVar settings from Section [/Script/Engine.NetworkSettings] File [Q:/Учеба/4.27/Solovev_GB_4_27/Saved/Config/Windows/Engine.ini]
[2023.03.12-09.25.31:282][  0]LogConfig: Applying CVar settings from Section [/Script/UnrealEd.CookerSettings] File [Q:/Учеба/4.27/Solovev_GB_4_27/Saved/Config/Windows/Engine.ini]
[2023.03.12-09.25.31:292][  0]LogConfig: Applying CVar settings from Section [ViewDistanceQuality@3] File [Q:/Учеба/4.27/Solovev_GB_4_27/Saved/Config/Windows/Scalability.ini]
[2023.03.12-09.25.31:292][  0]LogConfig: Setting CVar [[r.SkeletalMeshLODBias:0]]
[2023.03.12-09.25.31:292][  0]LogConfig: Setting CVar [[r.ViewDistanceScale:1.0]]
[2023.03.12-09.25.31:292][  0]LogConfig: Applying CVar settings from Section [AntiAliasingQuality@3] File [Q:/Учеба/4.27/Solovev_GB_4_27/Saved/Config/Windows/Scalability.ini]
[2023.03.12-09.25.31:292][  0]LogConfig: Setting CVar [[r.PostProcessAAQuality:4]]
[2023.03.12-09.25.31:292][  0]LogConfig: Applying CVar settings from Section [ShadowQuality@3] File [Q:/Учеба/4.27/Solovev_GB_4_27/Saved/Config/Windows/Scalability.ini]
[2023.03.12-09.25.31:292][  0]LogConfig: Setting CVar [[r.LightFunctionQuality:1]]
[2023.03.12-09.25.31:292][  0]LogConfig: Setting CVar [[r.ShadowQuality:5]]
[2023.03.12-09.25.31:293][  0]LogConfig: Setting CVar [[r.Shadow.CSM.MaxCascades:10]]
[2023.03.12-09.25.31:293][  0]LogConfig: Setting CVar [[r.Shadow.MaxResolution:2048]]
[2023.03.12-09.25.31:293][  0]LogConfig: Setting CVar [[r.Shadow.MaxCSMResolution:2048]]
[2023.03.12-09.25.31:293][  0]LogConfig: Setting CVar [[r.Shadow.RadiusThreshold:0.01]]
[2023.03.12-09.25.31:293][  0]LogConfig: Setting CVar [[r.Shadow.DistanceScale:1.0]]
[2023.03.12-09.25.31:293][  0]LogConfig: Setting CVar [[r.Shadow.CSM.TransitionScale:1.0]]
[2023.03.12-09.25.31:293][  0]LogConfig: Setting CVar [[r.Shadow.PreShadowResolutionFactor:1.0]]
[2023.03.12-09.25.31:293][  0]LogConfig: Setting CVar [[r.DistanceFieldShadowing:1]]
[2023.03.12-09.25.31:293][  0]LogConfig: Setting CVar [[r.DistanceFieldAO:1]]
[2023.03.12-09.25.31:293][  0]LogConfig: Setting CVar [[r.AOQuality:2]]
[2023.03.12-09.25.31:293][  0]LogConfig: Setting CVar [[r.VolumetricFog:1]]
[2023.03.12-09.25.31:293][  0]LogConfig: Setting CVar [[r.VolumetricFog.GridPixelSize:8]]
[2023.03.12-09.25.31:293][  0]LogConfig: Setting CVar [[r.VolumetricFog.GridSizeZ:128]]
[2023.03.12-09.25.31:293][  0]LogConfig: Setting CVar [[r.VolumetricFog.HistoryMissSupersampleCount:4]]
[2023.03.12-09.25.31:293][  0]LogConfig: Setting CVar [[r.LightMaxDrawDistanceScale:1]]
[2023.03.12-09.25.31:293][  0]LogConfig: Setting CVar [[r.CapsuleShadows:1]]
[2023.03.12-09.25.31:293][  0]LogConfig: Applying CVar settings from Section [PostProcessQuality@3] File [Q:/Учеба/4.27/Solovev_GB_4_27/Saved/Config/Windows/Scalability.ini]
[2023.03.12-09.25.31:293][  0]LogConfig: Setting CVar [[r.MotionBlurQuality:4]]
[2023.03.12-09.25.31:293][  0]LogConfig: Setting CVar [[r.AmbientOcclusionMipLevelFactor:0.4]]
[2023.03.12-09.25.31:293][  0]LogConfig: Setting CVar [[r.AmbientOcclusionMaxQuality:100]]
[2023.03.12-09.25.31:293][  0]LogConfig: Setting CVar [[r.AmbientOcclusionLevels:-1]]
[2023.03.12-09.25.31:293][  0]LogConfig: Setting CVar [[r.AmbientOcclusionRadiusScale:1.0]]
[2023.03.12-09.25.31:293][  0]LogConfig: Setting CVar [[r.DepthOfFieldQuality:2]]
[2023.03.12-09.25.31:293][  0]LogConfig: Setting CVar [[r.RenderTargetPoolMin:400]]
[2023.03.12-09.25.31:293][  0]LogConfig: Setting CVar [[r.LensFlareQuality:2]]
[2023.03.12-09.25.31:293][  0]LogConfig: Setting CVar [[r.SceneColorFringeQuality:1]]
[2023.03.12-09.25.31:293][  0]LogConfig: Setting CVar [[r.EyeAdaptationQuality:2]]
[2023.03.12-09.25.31:293][  0]LogConfig: Setting CVar [[r.BloomQuality:5]]
[2023.03.12-09.25.31:293][  0]LogConfig: Setting CVar [[r.FastBlurThreshold:100]]
[2023.03.12-09.25.31:293][  0]LogConfig: Setting CVar [[r.Upscale.Quality:3]]
[2023.03.12-09.25.31:293][  0]LogConfig: Setting CVar [[r.Tonemapper.GrainQuantization:1]]
[2023.03.12-09.25.31:293][  0]LogConfig: Setting CVar [[r.LightShaftQuality:1]]
[2023.03.12-09.25.31:293][  0]LogConfig: Setting CVar [[r.Filter.SizeScale:1]]
[2023.03.12-09.25.31:293][  0]LogConfig: Setting CVar [[r.Tonemapper.Quality:5]]
[2023.03.12-09.25.31:293][  0]LogConfig: Setting CVar [[r.DOF.Gather.AccumulatorQuality:1        ; higher gathering accumulator quality]]
[2023.03.12-09.25.31:293][  0]LogConfig: Setting CVar [[r.DOF.Gather.PostfilterMethod:1          ; Median3x3 postfilering method]]
[2023.03.12-09.25.31:293][  0]LogConfig: Setting CVar [[r.DOF.Gather.EnableBokehSettings:0       ; no bokeh simulation when gathering]]
[2023.03.12-09.25.31:293][  0]LogConfig: Setting CVar [[r.DOF.Gather.RingCount:4                 ; medium number of samples when gathering]]
[2023.03.12-09.25.31:293][  0]LogConfig: Setting CVar [[r.DOF.Scatter.ForegroundCompositing:1    ; additive foreground scattering]]
[2023.03.12-09.25.31:293][  0]LogConfig: Setting CVar [[r.DOF.Scatter.BackgroundCompositing:2    ; additive background scattering]]
[2023.03.12-09.25.31:293][  0]LogConfig: Setting CVar [[r.DOF.Scatter.EnableBokehSettings:1      ; bokeh simulation when scattering]]
[2023.03.12-09.25.31:293][  0]LogConfig: Setting CVar [[r.DOF.Scatter.MaxSpriteRatio:0.1         ; only a maximum of 10% of scattered bokeh]]
[2023.03.12-09.25.31:293][  0]LogConfig: Setting CVar [[r.DOF.Recombine.Quality:1                ; cheap slight out of focus]]
[2023.03.12-09.25.31:293][  0]LogConfig: Setting CVar [[r.DOF.Recombine.EnableBokehSettings:0    ; no bokeh simulation on slight out of focus]]
[2023.03.12-09.25.31:293][  0]LogConfig: Setting CVar [[r.DOF.TemporalAAQuality:1                ; more stable temporal accumulation]]
[2023.03.12-09.25.31:293][  0]LogConfig: Setting CVar [[r.DOF.Kernel.MaxForegroundRadius:0.025]]
[2023.03.12-09.25.31:293][  0]LogConfig: Setting CVar [[r.DOF.Kernel.MaxBackgroundRadius:0.025]]
[2023.03.12-09.25.31:293][  0]LogConfig: Applying CVar settings from Section [TextureQuality@3] File [Q:/Учеба/4.27/Solovev_GB_4_27/Saved/Config/Windows/Scalability.ini]
[2023.03.12-09.25.31:293][  0]LogConfig: Setting CVar [[r.Streaming.MipBias:0]]
[2023.03.12-09.25.31:293][  0]LogConfig: Setting CVar [[r.Streaming.AmortizeCPUToGPUCopy:0]]
[2023.03.12-09.25.31:293][  0]LogConfig: Setting CVar [[r.Streaming.MaxNumTexturesToStreamPerFrame:0]]
[2023.03.12-09.25.31:293][  0]LogConfig: Setting CVar [[r.Streaming.Boost:1]]
[2023.03.12-09.25.31:293][  0]LogConfig: Setting CVar [[r.MaxAnisotropy:8]]
[2023.03.12-09.25.31:293][  0]LogConfig: Setting CVar [[r.VT.MaxAnisotropy:8]]
[2023.03.12-09.25.31:293][  0]LogConfig: Setting CVar [[r.Streaming.LimitPoolSizeToVRAM:0]]
[2023.03.12-09.25.31:293][  0]LogConfig: Setting CVar [[r.Streaming.PoolSize:1000]]
[2023.03.12-09.25.31:293][  0]LogConfig: Setting CVar [[r.Streaming.MaxEffectiveScreenSize:0]]
[2023.03.12-09.25.31:293][  0]LogConfig: Applying CVar settings from Section [EffectsQuality@3] File [Q:/Учеба/4.27/Solovev_GB_4_27/Saved/Config/Windows/Scalability.ini]
[2023.03.12-09.25.31:293][  0]LogConfig: Setting CVar [[r.TranslucencyLightingVolumeDim:64]]
[2023.03.12-09.25.31:293][  0]LogConfig: Setting CVar [[r.RefractionQuality:2]]
[2023.03.12-09.25.31:293][  0]LogConfig: Setting CVar [[r.SSR.Quality:3]]
[2023.03.12-09.25.31:293][  0]LogConfig: Setting CVar [[r.SSR.HalfResSceneColor:0]]
[2023.03.12-09.25.31:293][  0]LogConfig: Setting CVar [[r.SceneColorFormat:4]]
[2023.03.12-09.25.31:293][  0]LogConfig: Setting CVar [[r.DetailMode:2]]
[2023.03.12-09.25.31:293][  0]LogConfig: Setting CVar [[r.TranslucencyVolumeBlur:1]]
[2023.03.12-09.25.31:293][  0]LogConfig: Setting CVar [[r.MaterialQualityLevel:1 ; High quality]]
[2023.03.12-09.25.31:293][  0]LogConfig: Setting CVar [[r.AnisotropicMaterials:1]]
[2023.03.12-09.25.31:293][  0]LogConfig: Setting CVar [[r.SSS.Scale:1]]
[2023.03.12-09.25.31:293][  0]LogConfig: Setting CVar [[r.SSS.SampleSet:2]]
[2023.03.12-09.25.31:293][  0]LogConfig: Setting CVar [[r.SSS.Quality:1]]
[2023.03.12-09.25.31:293][  0]LogConfig: Setting CVar [[r.SSS.HalfRes:0]]
[2023.03.12-09.25.31:293][  0]LogConfig: Setting CVar [[r.SSGI.Quality:3]]
[2023.03.12-09.25.31:294][  0]LogConfig: Setting CVar [[r.EmitterSpawnRateScale:1.0]]
[2023.03.12-09.25.31:294][  0]LogConfig: Setting CVar [[r.ParticleLightQuality:2]]
[2023.03.12-09.25.31:294][  0]LogConfig: Setting CVar [[r.SkyAtmosphere.AerialPerspectiveLUT.FastApplyOnOpaque:1 ; Always have FastSkyLUT 1 in this case to avoid wrong sky]]
[2023.03.12-09.25.31:294][  0]LogConfig: Setting CVar [[r.SkyAtmosphere.AerialPerspectiveLUT.SampleCountMaxPerSlice:4]]
[2023.03.12-09.25.31:294][  0]LogConfig: Setting CVar [[r.SkyAtmosphere.AerialPerspectiveLUT.DepthResolution:16.0]]
[2023.03.12-09.25.31:294][  0]LogConfig: Setting CVar [[r.SkyAtmosphere.FastSkyLUT:1]]
[2023.03.12-09.25.31:294][  0]LogConfig: Setting CVar [[r.SkyAtmosphere.FastSkyLUT.SampleCountMin:4.0]]
[2023.03.12-09.25.31:294][  0]LogConfig: Setting CVar [[r.SkyAtmosphere.FastSkyLUT.SampleCountMax:128.0]]
[2023.03.12-09.25.31:294][  0]LogConfig: Setting CVar [[r.SkyAtmosphere.SampleCountMin:4.0]]
[2023.03.12-09.25.31:294][  0]LogConfig: Setting CVar [[r.SkyAtmosphere.SampleCountMax:128.0]]
[2023.03.12-09.25.31:294][  0]LogConfig: Setting CVar [[r.SkyAtmosphere.TransmittanceLUT.UseSmallFormat:0]]
[2023.03.12-09.25.31:294][  0]LogConfig: Setting CVar [[r.SkyAtmosphere.TransmittanceLUT.SampleCount:10.0]]
[2023.03.12-09.25.31:294][  0]LogConfig: Setting CVar [[r.SkyAtmosphere.MultiScatteringLUT.SampleCount:15.0]]
[2023.03.12-09.25.31:294][  0]LogConfig: Setting CVar [[r.SkyLight.RealTimeReflectionCapture:1]]
[2023.03.12-09.25.31:294][  0]LogConfig: Applying CVar settings from Section [FoliageQuality@3] File [Q:/Учеба/4.27/Solovev_GB_4_27/Saved/Config/Windows/Scalability.ini]
[2023.03.12-09.25.31:294][  0]LogConfig: Setting CVar [[foliage.DensityScale:1.0]]
[2023.03.12-09.25.31:294][  0]LogConfig: Setting CVar [[grass.DensityScale:1.0]]
[2023.03.12-09.25.31:294][  0]LogConfig: Applying CVar settings from Section [ShadingQuality@3] File [Q:/Учеба/4.27/Solovev_GB_4_27/Saved/Config/Windows/Scalability.ini]
[2023.03.12-09.25.31:294][  0]LogConfig: Setting CVar [[r.HairStrands.SkyLighting.IntegrationType:2]]
[2023.03.12-09.25.31:294][  0]LogConfig: Setting CVar [[r.HairStrands.SkyAO.SampleCount:4]]
[2023.03.12-09.25.31:294][  0]LogConfig: Setting CVar [[r.HairStrands.Visibility.MSAA.SamplePerPixel:4]]
[2023.03.12-09.25.31:294][  0]LogInit: Selected Device Profile: [Windows]
[2023.03.12-09.25.31:294][  0]LogInit: Applying CVar settings loaded from the selected device profile: [Windows]
[2023.03.12-09.25.31:294][  0]LogHAL: Display: Platform has ~ 16 GB [17088737280 / 17179869184 / 16], which maps to Larger [LargestMinGB=32, LargerMinGB=12, DefaultMinGB=8, SmallerMinGB=6, SmallestMinGB=0)
[2023.03.12-09.25.31:294][  0]LogInit: Going up to parent DeviceProfile []
[2023.03.12-09.25.31:294][  0]LogConfig: Applying CVar settings from Section [ViewDistanceQuality@3] File [Q:/Учеба/4.27/Solovev_GB_4_27/Saved/Config/Windows/Scalability.ini]
[2023.03.12-09.25.31:294][  0]LogConfig: Setting CVar [[r.SkeletalMeshLODBias:0]]
[2023.03.12-09.25.31:294][  0]LogConfig: Setting CVar [[r.ViewDistanceScale:1.0]]
[2023.03.12-09.25.31:294][  0]LogConfig: Applying CVar settings from Section [AntiAliasingQuality@3] File [Q:/Учеба/4.27/Solovev_GB_4_27/Saved/Config/Windows/Scalability.ini]
[2023.03.12-09.25.31:294][  0]LogConfig: Setting CVar [[r.PostProcessAAQuality:4]]
[2023.03.12-09.25.31:294][  0]LogConfig: Applying CVar settings from Section [ShadowQuality@3] File [Q:/Учеба/4.27/Solovev_GB_4_27/Saved/Config/Windows/Scalability.ini]
[2023.03.12-09.25.31:294][  0]LogConfig: Setting CVar [[r.LightFunctionQuality:1]]
[2023.03.12-09.25.31:294][  0]LogConfig: Setting CVar [[r.ShadowQuality:5]]
[2023.03.12-09.25.31:294][  0]LogConfig: Setting CVar [[r.Shadow.CSM.MaxCascades:10]]
[2023.03.12-09.25.31:294][  0]LogConfig: Setting CVar [[r.Shadow.MaxResolution:2048]]
[2023.03.12-09.25.31:294][  0]LogConfig: Setting CVar [[r.Shadow.MaxCSMResolution:2048]]
[2023.03.12-09.25.31:294][  0]LogConfig: Setting CVar [[r.Shadow.RadiusThreshold:0.01]]
[2023.03.12-09.25.31:294][  0]LogConfig: Setting CVar [[r.Shadow.DistanceScale:1.0]]
[2023.03.12-09.25.31:294][  0]LogConfig: Setting CVar [[r.Shadow.CSM.TransitionScale:1.0]]
[2023.03.12-09.25.31:294][  0]LogConfig: Setting CVar [[r.Shadow.PreShadowResolutionFactor:1.0]]
[2023.03.12-09.25.31:294][  0]LogConfig: Setting CVar [[r.DistanceFieldShadowing:1]]
[2023.03.12-09.25.31:294][  0]LogConfig: Setting CVar [[r.DistanceFieldAO:1]]
[2023.03.12-09.25.31:294][  0]LogConfig: Setting CVar [[r.AOQuality:2]]
[2023.03.12-09.25.31:294][  0]LogConfig: Setting CVar [[r.VolumetricFog:1]]
[2023.03.12-09.25.31:294][  0]LogConfig: Setting CVar [[r.VolumetricFog.GridPixelSize:8]]
[2023.03.12-09.25.31:294][  0]LogConfig: Setting CVar [[r.VolumetricFog.GridSizeZ:128]]
[2023.03.12-09.25.31:294][  0]LogConfig: Setting CVar [[r.VolumetricFog.HistoryMissSupersampleCount:4]]
[2023.03.12-09.25.31:294][  0]LogConfig: Setting CVar [[r.LightMaxDrawDistanceScale:1]]
[2023.03.12-09.25.31:294][  0]LogConfig: Setting CVar [[r.CapsuleShadows:1]]
[2023.03.12-09.25.31:294][  0]LogConfig: Applying CVar settings from Section [PostProcessQuality@3] File [Q:/Учеба/4.27/Solovev_GB_4_27/Saved/Config/Windows/Scalability.ini]
[2023.03.12-09.25.31:294][  0]LogConfig: Setting CVar [[r.MotionBlurQuality:4]]
[2023.03.12-09.25.31:294][  0]LogConfig: Setting CVar [[r.AmbientOcclusionMipLevelFactor:0.4]]
[2023.03.12-09.25.31:294][  0]LogConfig: Setting CVar [[r.AmbientOcclusionMaxQuality:100]]
[2023.03.12-09.25.31:294][  0]LogConfig: Setting CVar [[r.AmbientOcclusionLevels:-1]]
[2023.03.12-09.25.31:294][  0]LogConfig: Setting CVar [[r.AmbientOcclusionRadiusScale:1.0]]
[2023.03.12-09.25.31:294][  0]LogConfig: Setting CVar [[r.DepthOfFieldQuality:2]]
[2023.03.12-09.25.31:294][  0]LogConfig: Setting CVar [[r.RenderTargetPoolMin:400]]
[2023.03.12-09.25.31:294][  0]LogConfig: Setting CVar [[r.LensFlareQuality:2]]
[2023.03.12-09.25.31:294][  0]LogConfig: Setting CVar [[r.SceneColorFringeQuality:1]]
[2023.03.12-09.25.31:294][  0]LogConfig: Setting CVar [[r.EyeAdaptationQuality:2]]
[2023.03.12-09.25.31:294][  0]LogConfig: Setting CVar [[r.BloomQuality:5]]
[2023.03.12-09.25.31:294][  0]LogConfig: Setting CVar [[r.FastBlurThreshold:100]]
[2023.03.12-09.25.31:294][  0]LogConfig: Setting CVar [[r.Upscale.Quality:3]]
[2023.03.12-09.25.31:294][  0]LogConfig: Setting CVar [[r.Tonemapper.GrainQuantization:1]]
[2023.03.12-09.25.31:294][  0]LogConfig: Setting CVar [[r.LightShaftQuality:1]]
[2023.03.12-09.25.31:294][  0]LogConfig: Setting CVar [[r.Filter.SizeScale:1]]
[2023.03.12-09.25.31:294][  0]LogConfig: Setting CVar [[r.Tonemapper.Quality:5]]
[2023.03.12-09.25.31:294][  0]LogConfig: Setting CVar [[r.DOF.Gather.AccumulatorQuality:1        ; higher gathering accumulator quality]]
[2023.03.12-09.25.31:294][  0]LogConfig: Setting CVar [[r.DOF.Gather.PostfilterMethod:1          ; Median3x3 postfilering method]]
[2023.03.12-09.25.31:294][  0]LogConfig: Setting CVar [[r.DOF.Gather.EnableBokehSettings:0       ; no bokeh simulation when gathering]]
[2023.03.12-09.25.31:294][  0]LogConfig: Setting CVar [[r.DOF.Gather.RingCount:4                 ; medium number of samples when gathering]]
[2023.03.12-09.25.31:294][  0]LogConfig: Setting CVar [[r.DOF.Scatter.ForegroundCompositing:1    ; additive foreground scattering]]
[2023.03.12-09.25.31:294][  0]LogConfig: Setting CVar [[r.DOF.Scatter.BackgroundCompositing:2    ; additive background scattering]]
[2023.03.12-09.25.31:295][  0]LogConfig: Setting CVar [[r.DOF.Scatter.EnableBokehSettings:1      ; bokeh simulation when scattering]]
[2023.03.12-09.25.31:295][  0]LogConfig: Setting CVar [[r.DOF.Scatter.MaxSpriteRatio:0.1         ; only a maximum of 10% of scattered bokeh]]
[2023.03.12-09.25.31:295][  0]LogConfig: Setting CVar [[r.DOF.Recombine.Quality:1                ; cheap slight out of focus]]
[2023.03.12-09.25.31:295][  0]LogConfig: Setting CVar [[r.DOF.Recombine.EnableBokehSettings:0    ; no bokeh simulation on slight out of focus]]
[2023.03.12-09.25.31:295][  0]LogConfig: Setting CVar [[r.DOF.TemporalAAQuality:1                ; more stable temporal accumulation]]
[2023.03.12-09.25.31:295][  0]LogConfig: Setting CVar [[r.DOF.Kernel.MaxForegroundRadius:0.025]]
[2023.03.12-09.25.31:295][  0]LogConfig: Setting CVar [[r.DOF.Kernel.MaxBackgroundRadius:0.025]]
[2023.03.12-09.25.31:295][  0]LogConfig: Applying CVar settings from Section [TextureQuality@3] File [Q:/Учеба/4.27/Solovev_GB_4_27/Saved/Config/Windows/Scalability.ini]
[2023.03.12-09.25.31:295][  0]LogConfig: Setting CVar [[r.Streaming.MipBias:0]]
[2023.03.12-09.25.31:295][  0]LogConfig: Setting CVar [[r.Streaming.AmortizeCPUToGPUCopy:0]]
[2023.03.12-09.25.31:295][  0]LogConfig: Setting CVar [[r.Streaming.MaxNumTexturesToStreamPerFrame:0]]
[2023.03.12-09.25.31:295][  0]LogConfig: Setting CVar [[r.Streaming.Boost:1]]
[2023.03.12-09.25.31:295][  0]LogConfig: Setting CVar [[r.MaxAnisotropy:8]]
[2023.03.12-09.25.31:295][  0]LogConfig: Setting CVar [[r.VT.MaxAnisotropy:8]]
[2023.03.12-09.25.31:295][  0]LogConfig: Setting CVar [[r.Streaming.LimitPoolSizeToVRAM:0]]
[2023.03.12-09.25.31:295][  0]LogConfig: Setting CVar [[r.Streaming.PoolSize:1000]]
[2023.03.12-09.25.31:295][  0]LogConfig: Setting CVar [[r.Streaming.MaxEffectiveScreenSize:0]]
[2023.03.12-09.25.31:295][  0]LogConfig: Applying CVar settings from Section [EffectsQuality@3] File [Q:/Учеба/4.27/Solovev_GB_4_27/Saved/Config/Windows/Scalability.ini]
[2023.03.12-09.25.31:295][  0]LogConfig: Setting CVar [[r.TranslucencyLightingVolumeDim:64]]
[2023.03.12-09.25.31:295][  0]LogConfig: Setting CVar [[r.RefractionQuality:2]]
[2023.03.12-09.25.31:295][  0]LogConfig: Setting CVar [[r.SSR.Quality:3]]
[2023.03.12-09.25.31:295][  0]LogConfig: Setting CVar [[r.SSR.HalfResSceneColor:0]]
[2023.03.12-09.25.31:295][  0]LogConfig: Setting CVar [[r.SceneColorFormat:4]]
[2023.03.12-09.25.31:295][  0]LogConfig: Setting CVar [[r.DetailMode:2]]
[2023.03.12-09.25.31:295][  0]LogConfig: Setting CVar [[r.TranslucencyVolumeBlur:1]]
[2023.03.12-09.25.31:295][  0]LogConfig: Setting CVar [[r.MaterialQualityLevel:1 ; High quality]]
[2023.03.12-09.25.31:295][  0]LogConfig: Setting CVar [[r.AnisotropicMaterials:1]]
[2023.03.12-09.25.31:295][  0]LogConfig: Setting CVar [[r.SSS.Scale:1]]
[2023.03.12-09.25.31:295][  0]LogConfig: Setting CVar [[r.SSS.SampleSet:2]]
[2023.03.12-09.25.31:295][  0]LogConfig: Setting CVar [[r.SSS.Quality:1]]
[2023.03.12-09.25.31:295][  0]LogConfig: Setting CVar [[r.SSS.HalfRes:0]]
[2023.03.12-09.25.31:295][  0]LogConfig: Setting CVar [[r.SSGI.Quality:3]]
[2023.03.12-09.25.31:295][  0]LogConfig: Setting CVar [[r.EmitterSpawnRateScale:1.0]]
[2023.03.12-09.25.31:295][  0]LogConfig: Setting CVar [[r.ParticleLightQuality:2]]
[2023.03.12-09.25.31:295][  0]LogConfig: Setting CVar [[r.SkyAtmosphere.AerialPerspectiveLUT.FastApplyOnOpaque:1 ; Always have FastSkyLUT 1 in this case to avoid wrong sky]]
[2023.03.12-09.25.31:295][  0]LogConfig: Setting CVar [[r.SkyAtmosphere.AerialPerspectiveLUT.SampleCountMaxPerSlice:4]]
[2023.03.12-09.25.31:295][  0]LogConfig: Setting CVar [[r.SkyAtmosphere.AerialPerspectiveLUT.DepthResolution:16.0]]
[2023.03.12-09.25.31:295][  0]LogConfig: Setting CVar [[r.SkyAtmosphere.FastSkyLUT:1]]
[2023.03.12-09.25.31:295][  0]LogConfig: Setting CVar [[r.SkyAtmosphere.FastSkyLUT.SampleCountMin:4.0]]
[2023.03.12-09.25.31:295][  0]LogConfig: Setting CVar [[r.SkyAtmosphere.FastSkyLUT.SampleCountMax:128.0]]
[2023.03.12-09.25.31:295][  0]LogConfig: Setting CVar [[r.SkyAtmosphere.SampleCountMin:4.0]]
[2023.03.12-09.25.31:295][  0]LogConfig: Setting CVar [[r.SkyAtmosphere.SampleCountMax:128.0]]
[2023.03.12-09.25.31:295][  0]LogConfig: Setting CVar [[r.SkyAtmosphere.TransmittanceLUT.UseSmallFormat:0]]
[2023.03.12-09.25.31:295][  0]LogConfig: Setting CVar [[r.SkyAtmosphere.TransmittanceLUT.SampleCount:10.0]]
[2023.03.12-09.25.31:295][  0]LogConfig: Setting CVar [[r.SkyAtmosphere.MultiScatteringLUT.SampleCount:15.0]]
[2023.03.12-09.25.31:295][  0]LogConfig: Setting CVar [[r.SkyLight.RealTimeReflectionCapture:1]]
[2023.03.12-09.25.31:295][  0]LogConfig: Applying CVar settings from Section [FoliageQuality@3] File [Q:/Учеба/4.27/Solovev_GB_4_27/Saved/Config/Windows/Scalability.ini]
[2023.03.12-09.25.31:295][  0]LogConfig: Setting CVar [[foliage.DensityScale:1.0]]
[2023.03.12-09.25.31:295][  0]LogConfig: Setting CVar [[grass.DensityScale:1.0]]
[2023.03.12-09.25.31:295][  0]LogConfig: Applying CVar settings from Section [ShadingQuality@3] File [Q:/Учеба/4.27/Solovev_GB_4_27/Saved/Config/Windows/Scalability.ini]
[2023.03.12-09.25.31:295][  0]LogConfig: Setting CVar [[r.HairStrands.SkyLighting.IntegrationType:2]]
[2023.03.12-09.25.31:295][  0]LogConfig: Setting CVar [[r.HairStrands.SkyAO.SampleCount:4]]
[2023.03.12-09.25.31:295][  0]LogConfig: Setting CVar [[r.HairStrands.Visibility.MSAA.SamplePerPixel:4]]
[2023.03.12-09.25.31:295][  0]LogConfig: Applying CVar settings from Section [Startup] File [../../../Engine/Config/ConsoleVariables.ini]
[2023.03.12-09.25.31:296][  0]LogConfig: Setting CVar [[net.UseAdaptiveNetUpdateFrequency:0]]
[2023.03.12-09.25.31:296][  0]LogConfig: Setting CVar [[p.chaos.AllowCreatePhysxBodies:1]]
[2023.03.12-09.25.31:296][  0]LogConfig: Setting CVar [[fx.SkipVectorVMBackendOptimizations:1]]
[2023.03.12-09.25.31:296][  0]LogConfig: Applying CVar settings from Section [ConsoleVariables] File [Q:/Учеба/4.27/Solovev_GB_4_27/Saved/Config/Windows/Engine.ini]
[2023.03.12-09.25.31:296][  0]LogConfig: Applying CVar settings from Section [ConsoleVariables] File [Q:/Учеба/4.27/Solovev_GB_4_27/Saved/Config/Windows/Editor.ini]
[2023.03.12-09.25.31:296][  0]LogInit: Computer: DESKTOP-4P159JP
[2023.03.12-09.25.31:296][  0]LogInit: User: zeint
[2023.03.12-09.25.31:296][  0]LogInit: CPU Page size=4096, Cores=6
[2023.03.12-09.25.31:296][  0]LogInit: High frequency timer resolution =10.000000 MHz
[2023.03.12-09.25.31:296][  0]LogMemory: Memory total: Physical=15.9GB (16GB approx)
[2023.03.12-09.25.31:296][  0]LogMemory: Platform Memory Stats for Windows
[2023.03.12-09.25.31:296][  0]LogMemory: Process Physical Memory: 143.70 MB used, 143.70 MB peak
[2023.03.12-09.25.31:296][  0]LogMemory: Process Virtual Memory: 113.91 MB used, 113.91 MB peak
[2023.03.12-09.25.31:296][  0]LogMemory: Physical Memory: 6874.44 MB used,  9422.65 MB free, 16297.09 MB total
[2023.03.12-09.25.31:296][  0]LogMemory: Virtual Memory: 134207944.00 MB used,  9782.41 MB free, 134217728.00 MB total
[2023.03.12-09.25.31:301][  0]LogWindows: WindowsPlatformFeatures enabled
[2023.03.12-09.25.31:343][  0]LogInit: Physics initialised using underlying interface: PhysX
[2023.03.12-09.25.31:344][  0]LogInit: Using OS detected language (ru-RU).
[2023.03.12-09.25.31:344][  0]LogInit: Using OS detected locale (ru-RU).
[2023.03.12-09.25.31:350][  0]LogTextLocalizationManager: No specific localization for 'ru-RU' exists, so the 'ru' localization will be used.
[2023.03.12-09.25.31:350][  0]LogTextLocalizationResource: LocRes '../../../Engine/Content/Localization/Editor/ru/Editor.locres' could not be opened for reading!
[2023.03.12-09.25.31:350][  0]LogTextLocalizationResource: LocRes '../../../Engine/Content/Localization/EditorTutorials/ru/EditorTutorials.locres' could not be opened for reading!
[2023.03.12-09.25.31:350][  0]LogTextLocalizationResource: LocRes '../../../Engine/Content/Localization/Keywords/ru/Keywords.locres' could not be opened for reading!
[2023.03.12-09.25.31:350][  0]LogTextLocalizationResource: LocRes '../../../Engine/Content/Localization/Category/ru/Category.locres' could not be opened for reading!
[2023.03.12-09.25.31:350][  0]LogTextLocalizationResource: LocRes '../../../Engine/Content/Localization/ToolTips/ru/ToolTips.locres' could not be opened for reading!
[2023.03.12-09.25.31:350][  0]LogTextLocalizationResource: LocRes '../../../Engine/Content/Localization/PropertyNames/ru/PropertyNames.locres' could not be opened for reading!
[2023.03.12-09.25.31:351][  0]LogTextLocalizationResource: LocRes '../../../Engine/Content/Localization/Engine/ru/Engine.locres' could not be opened for reading!
[2023.03.12-09.25.31:351][  0]LogInit: Setting process to per monitor DPI aware
[2023.03.12-09.25.31:363][  0]LogWindowsTextInputMethodSystem: Display: IME system deactivated.
[2023.03.12-09.25.31:376][  0]LogSlate: New Slate User Created.  User Index 0, Is Virtual User: 0
[2023.03.12-09.25.31:376][  0]LogSlate: Slate User Registered.  User Index 0, Is Virtual User: 0
[2023.03.12-09.25.31:501][  0]LogD3D11RHI: Loaded GFSDK_Aftermath_Lib.x64.dll
[2023.03.12-09.25.31:504][  0]LogHMD: Failed to initialize OpenVR with code 110
[2023.03.12-09.25.31:504][  0]LogD3D11RHI: D3D11 min allowed feature level: 11_0
[2023.03.12-09.25.31:504][  0]LogD3D11RHI: D3D11 max allowed feature level: 11_0
[2023.03.12-09.25.31:504][  0]LogD3D11RHI: D3D11 adapters:
[2023.03.12-09.25.31:639][  0]LogD3D11RHI:    0. 'NVIDIA GeForce RTX 2060' (Feature Level 11_0)
[2023.03.12-09.25.31:639][  0]LogD3D11RHI:       5968/0/8148 MB DedicatedVideo/DedicatedSystem/SharedSystem, Outputs:2, VendorId:0x10de
[2023.03.12-09.25.31:641][  0]LogD3D11RHI:    1. 'Microsoft Basic Render Driver' (Feature Level 11_0)
[2023.03.12-09.25.31:641][  0]LogD3D11RHI:       0/0/8148 MB DedicatedVideo/DedicatedSystem/SharedSystem, Outputs:0, VendorId:0x1414
[2023.03.12-09.25.31:641][  0]LogD3D11RHI: Chosen D3D11 Adapter:
[2023.03.12-09.25.31:641][  0]LogD3D11RHI:     Description : NVIDIA GeForce RTX 2060
[2023.03.12-09.25.31:641][  0]LogD3D11RHI:     VendorId    : 10de
[2023.03.12-09.25.31:641][  0]LogD3D11RHI:     DeviceId    : 1f08
[2023.03.12-09.25.31:641][  0]LogD3D11RHI:     SubSysId    : 1f0810de
[2023.03.12-09.25.31:641][  0]LogD3D11RHI:     Revision    : 00a1
[2023.03.12-09.25.31:641][  0]LogD3D11RHI:     DedicatedVideoMemory : 6257901568 bytes
[2023.03.12-09.25.31:641][  0]LogD3D11RHI:     DedicatedSystemMemory : 0 bytes
[2023.03.12-09.25.31:641][  0]LogD3D11RHI:     SharedSystemMemory : 8544368640 bytes
[2023.03.12-09.25.31:641][  0]LogD3D11RHI:     AdapterLuid : 0 40999
[2023.03.12-09.25.31:645][  0]LogD3D11RHI: Creating new Direct3DDevice
[2023.03.12-09.25.31:645][  0]LogD3D11RHI:     GPU DeviceId: 0x1f08 (for the marketing name, search the web for "GPU Device Id")
[2023.03.12-09.25.31:645][  0]LogWindows: EnumDisplayDevices:
[2023.03.12-09.25.31:645][  0]LogWindows:    0. 'NVIDIA GeForce RTX 2060' (P:1 D:1)
[2023.03.12-09.25.31:646][  0]LogWindows:    1. 'NVIDIA GeForce RTX 2060' (P:0 D:1)
[2023.03.12-09.25.31:646][  0]LogWindows:    2. 'NVIDIA GeForce RTX 2060' (P:0 D:0)
[2023.03.12-09.25.31:646][  0]LogWindows:    3. 'NVIDIA GeForce RTX 2060' (P:0 D:0)
[2023.03.12-09.25.31:646][  0]LogWindows: DebugString: FoundDriverCount:4 
[2023.03.12-09.25.31:646][  0]LogD3D11RHI:     Adapter Name: NVIDIA GeForce RTX 2060
[2023.03.12-09.25.31:646][  0]LogD3D11RHI:   Driver Version: 531.18 (internal:31.0.15.3118, unified:531.18)
[2023.03.12-09.25.31:646][  0]LogD3D11RHI:      Driver Date: 2-24-2023
[2023.03.12-09.25.31:646][  0]LogRHI: Texture pool is 4177 MB (70% of 5968 MB)
[2023.03.12-09.25.31:646][  0]LogD3D11RHI: Creating D3DDevice using adapter:
[2023.03.12-09.25.31:646][  0]LogD3D11RHI:     Description : NVIDIA GeForce RTX 2060
[2023.03.12-09.25.31:646][  0]LogD3D11RHI:     VendorId    : 10de
[2023.03.12-09.25.31:646][  0]LogD3D11RHI:     DeviceId    : 1f08
[2023.03.12-09.25.31:646][  0]LogD3D11RHI:     SubSysId    : 1f0810de
[2023.03.12-09.25.31:646][  0]LogD3D11RHI:     Revision    : 00a1
[2023.03.12-09.25.31:646][  0]LogD3D11RHI:     DedicatedVideoMemory : 6257901568 bytes
[2023.03.12-09.25.31:646][  0]LogD3D11RHI:     DedicatedSystemMemory : 0 bytes
[2023.03.12-09.25.31:646][  0]LogD3D11RHI:     SharedSystemMemory : 8544368640 bytes
[2023.03.12-09.25.31:646][  0]LogD3D11RHI:     AdapterLuid : 0 40999
[2023.03.12-09.25.31:739][  0]LogD3D11RHI: RHI has support for 64 bit atomics
[2023.03.12-09.25.31:739][  0]LogD3D11RHI: Async texture creation enabled
[2023.03.12-09.25.31:739][  0]LogD3D11RHI: Array index from any shader is supported
[2023.03.12-09.25.31:766][  0]LogD3D11RHI: GPU Timing Frequency: 1000.000000 (Debug: 2 1)
[2023.03.12-09.25.31:804][  0]LogRHI: GeForceNow SDK initialized: 1
[2023.03.12-09.25.32:089][  0]LogTargetPlatformManager: Display: Loaded TargetPlatform 'AllDesktop'
[2023.03.12-09.25.32:113][  0]LogTargetPlatformManager: Display: Loaded TargetPlatform 'Android'
[2023.03.12-09.25.32:113][  0]LogTargetPlatformManager: Display: Loaded TargetPlatform 'Android_ASTC'
[2023.03.12-09.25.32:113][  0]LogTargetPlatformManager: Display: Loaded TargetPlatform 'Android_DXT'
[2023.03.12-09.25.32:113][  0]LogTargetPlatformManager: Display: Loaded TargetPlatform 'Android_ETC2'
[2023.03.12-09.25.32:113][  0]LogTargetPlatformManager: Display: Loaded TargetPlatform 'AndroidClient'
[2023.03.12-09.25.32:113][  0]LogTargetPlatformManager: Display: Loaded TargetPlatform 'Android_ASTCClient'
[2023.03.12-09.25.32:113][  0]LogTargetPlatformManager: Display: Loaded TargetPlatform 'Android_DXTClient'
[2023.03.12-09.25.32:113][  0]LogTargetPlatformManager: Display: Loaded TargetPlatform 'Android_ETC2Client'
[2023.03.12-09.25.32:113][  0]LogTargetPlatformManager: Display: Loaded TargetPlatform 'Android_Multi'
[2023.03.12-09.25.32:113][  0]LogTargetPlatformManager: Display: Loaded TargetPlatform 'Android_MultiClient'
[2023.03.12-09.25.32:130][  0]LogTargetPlatformManager: Display: Loaded TargetPlatform 'IOSClient'
[2023.03.12-09.25.32:130][  0]LogTargetPlatformManager: Display: Loaded TargetPlatform 'IOS'
[2023.03.12-09.25.32:140][  0]LogTargetPlatformManager: Display: Loaded TargetPlatform 'Linux'
[2023.03.12-09.25.32:144][  0]LogTargetPlatformManager: Display: Loaded TargetPlatform 'LinuxNoEditor'
[2023.03.12-09.25.32:148][  0]LogTargetPlatformManager: Display: Loaded TargetPlatform 'LinuxClient'
[2023.03.12-09.25.32:152][  0]LogTargetPlatformManager: Display: Loaded TargetPlatform 'LinuxServer'
[2023.03.12-09.25.32:162][  0]LogTargetPlatformManager: Display: Loaded TargetPlatform 'LinuxAArch64NoEditor'
[2023.03.12-09.25.32:166][  0]LogTargetPlatformManager: Display: Loaded TargetPlatform 'LinuxAArch64Client'
[2023.03.12-09.25.32:170][  0]LogTargetPlatformManager: Display: Loaded TargetPlatform 'LinuxAArch64Server'
[2023.03.12-09.25.32:196][  0]LogTargetPlatformManager: Display: Loaded TargetPlatform 'Lumin'
[2023.03.12-09.25.32:196][  0]LogTargetPlatformManager: Display: Loaded TargetPlatform 'LuminClient'
[2023.03.12-09.25.32:205][  0]LogTargetPlatformManager: Display: Loaded TargetPlatform 'MacNoEditor'
[2023.03.12-09.25.32:209][  0]LogTargetPlatformManager: Display: Loaded TargetPlatform 'Mac'
[2023.03.12-09.25.32:213][  0]LogTargetPlatformManager: Display: Loaded TargetPlatform 'MacClient'
[2023.03.12-09.25.32:217][  0]LogTargetPlatformManager: Display: Loaded TargetPlatform 'MacServer'
[2023.03.12-09.25.32:227][  0]LogTargetPlatformManager: Display: Loaded TargetPlatform 'TVOSClient'
[2023.03.12-09.25.32:227][  0]LogTargetPlatformManager: Display: Loaded TargetPlatform 'TVOS'
[2023.03.12-09.25.32:236][  0]LogTargetPlatformManager: Display: Loaded TargetPlatform 'WindowsNoEditor'
[2023.03.12-09.25.32:241][  0]LogTargetPlatformManager: Display: Loaded TargetPlatform 'Windows'
[2023.03.12-09.25.32:246][  0]LogTargetPlatformManager: Display: Loaded TargetPlatform 'WindowsClient'
[2023.03.12-09.25.32:250][  0]LogTargetPlatformManager: Display: Loaded TargetPlatform 'WindowsServer'
[2023.03.12-09.25.32:251][  0]LogTargetPlatformManager: Display: Building Assets For Windows
[2023.03.12-09.25.32:257][  0]LogAudioDebug: Display: Lib vorbis DLL was dynamically loaded.
[2023.03.12-09.25.32:288][  0]LogTextureFormatOodle: Display: Oodle Texture 2.9.0 init RDO Off
[2023.03.12-09.25.32:316][  0]LogRendererCore: Ray tracing is disabled. Reason: r.RayTracing=0.
[2023.03.12-09.25.32:316][  0]LogShaderCompilers: Guid format shader working directory is 17 characters bigger than the processId version (Q:/Учеба/4.27/Solovev_GB_4_27/Intermediate/Shaders/WorkingDirectory/1296/).
[2023.03.12-09.25.32:316][  0]LogShaderCompilers: Cleaned the shader compiler working directory 'C:/Users/zeint/AppData/Local/Temp/UnrealShaderWorkingDir/202EE7D84B2AC6309D6F80A440E7319D/'.
[2023.03.12-09.25.32:316][  0]LogXGEController: Cannot use XGE Controller as Incredibuild is not installed on this machine.
[2023.03.12-09.25.32:316][  0]LogShaderCompilers: Cannot use XGE Shader Compiler as Incredibuild is not installed on this machine.
[2023.03.12-09.25.32:316][  0]LogShaderCompilers: Display: Using Local Shader Compiler.
[2023.03.12-09.25.33:013][  0]LogDerivedDataCache: Display: Max Cache Size: 512 MB
[2023.03.12-09.25.33:069][  0]LogDerivedDataCache: Loaded boot cache 0.06s 94MB C:/Users/zeint/AppData/Local/UnrealEngine/4.27/DerivedDataCache/Boot.ddc.
[2023.03.12-09.25.33:069][  0]LogDerivedDataCache: Display: Loaded Boot cache: C:/Users/zeint/AppData/Local/UnrealEngine/4.27/DerivedDataCache/Boot.ddc
[2023.03.12-09.25.33:070][  0]LogDerivedDataCache: FDerivedDataBackendGraph:  Pak pak cache file Q:/Учеба/4.27/Solovev_GB_4_27/DerivedDataCache/DDC.ddp not found, will not use a pak cache.
[2023.03.12-09.25.33:070][  0]LogDerivedDataCache: Unable to find inner node Pak for hierarchical cache Hierarchy.
[2023.03.12-09.25.33:070][  0]LogDerivedDataCache: FDerivedDataBackendGraph:  CompressedPak pak cache file Q:/Учеба/4.27/Solovev_GB_4_27/DerivedDataCache/Compressed.ddp not found, will not use a pak cache.
[2023.03.12-09.25.33:070][  0]LogDerivedDataCache: Unable to find inner node CompressedPak for hierarchical cache Hierarchy.
[2023.03.12-09.25.33:086][  0]LogDerivedDataCache: Display: Pak cache opened for reading ../../../Engine/DerivedDataCache/Compressed.ddp.
[2023.03.12-09.25.33:086][  0]LogDerivedDataCache: FDerivedDataBackendGraph:  EnterprisePak pak cache file ../../../Enterprise/DerivedDataCache/Compressed.ddp not found, will not use a pak cache.
[2023.03.12-09.25.33:086][  0]LogDerivedDataCache: Unable to find inner node EnterprisePak for hierarchical cache Hierarchy.
[2023.03.12-09.25.33:096][  0]LogDerivedDataCache: Speed tests for C:/Users/zeint/AppData/Local/UnrealEngine/Common/DerivedDataCache took 0.01 seconds
[2023.03.12-09.25.33:096][  0]LogDerivedDataCache: Display: Performance to C:/Users/zeint/AppData/Local/UnrealEngine/Common/DerivedDataCache: Latency=0.03ms. RandomReadSpeed=226.57MBs, RandomWriteSpeed=165.98MBs. Assigned SpeedClass 'Local'
[2023.03.12-09.25.33:096][  0]LogDerivedDataCache: Using Local data cache path C:/Users/zeint/AppData/Local/UnrealEngine/Common/DerivedDataCache: Writable
[2023.03.12-09.25.33:097][  0]LogDerivedDataCache: Shared data cache path not found in *engine.ini, will not use an Shared cache.
[2023.03.12-09.25.33:097][  0]LogDerivedDataCache: Unable to find inner node Shared for hierarchical cache Hierarchy.
[2023.03.12-09.25.33:140][  0]LogSlate: Using FreeType 2.10.0
[2023.03.12-09.25.33:140][  0]LogSlate: SlateFontServices - WITH_FREETYPE: 1, WITH_HARFBUZZ: 1
[2023.03.12-09.25.33:163][  0]LogAssetRegistry: FAssetRegistry took 0.0030 seconds to start up
[2023.03.12-09.25.33:379][  0]LogInit: Selected Device Profile: [Windows]
[2023.03.12-09.25.33:380][  0]LogInit: Active device profile: [000001A718217800][000001A718817A40 49] Windows
[2023.03.12-09.25.33:380][  0]LogInit: Profiles: [000001A718217800][000001A718817A40 49] Windows, [000001A71822CA00][000001A70C4E5BC0 49] WindowsNoEditor, [000001A718214900][000001A7186FA1C0 49] WindowsServer, [000001A71822F700][000001A718702340 49] WindowsClient, [000001A718217600][000001A71870A4C0 49] IOS, [000001A71822CD00][000001A71881A600 49] iPadAir, [000001A718214C00][000001A714106740 49] iPadAir2, [000001A7181B4800][000001A71870E980 49] IPadPro, [000001A7181B4900][000001A7163CC9C0 49] iPadAir3, [000001A718217300][000001A71844AB40 49] iPadAir4, [000001A7181B7900][000001A71845CCC0 49] iPadMini2, [000001A718215000][000001A718460E40 49] iPadMini3, [000001A7181B5700][000001A718464FC0 49] iPadMini4, [000001A718216D00][000001A718469140 49] iPadMini5, [000001A71822DD00][000001A718471400 49] iPhone6, [000001A71822EE00][000001A71846D440 49] iPodTouch6, [000001A7181ABE00][000001A714087700 49] iPhone7, [000001A7181ABF00][000001A718475740 49] iPodTouch7, [000001A71822FF00][000001A71408B8C0 49] iPhone5S, [000001A7181A8E00][000001A7140A9A40 49] iPhone6Plus, [000001A71822D000][000001A7184B5BC0 49] iPhone6S, [000001A7181AB000][000001A7184B81C0 49] iPhone6SPlus, [000001A71822C500][000001A7184BC340 49] iPhone7Plus, [000001A7181A9300][000001A7184C04C0 49] iPhoneSE, [000001A71822E300][000001A70C52A640 49] iPhone8, [000001A7181AAB00][000001A718712780 49] iPhone8Plus, [000001A71822C700][000001A7184C88C0 49] iPhoneX, [000001A7181A9800][000001A716374A00 49] iPhoneXS, [000001A71822DE00][000001A716378B40 49] iPhoneXSMax, [000001A7181ABC00][000001A7140B0CC0 49] iPhoneXR, [000001A71822D500][000001A7184C4E40 49] iPhone11, [000001A7181A8C00][000001A7140B4FC0 49] iPhone11Pro, [000001A71822FA00][000001A7140B9140 49] iPhone11ProMax, [000001A7181AAD00][000001A7184CD2C0 49] iPhoneSE2, [000001A71822FE00][000001A71933D440 49] iPhone12Mini, [000001A7181AB800][000001A7193415C0 49] iPhone12, [000001A71822CE00][000001A719345740 49] iPhone12Pro, [000001A7181AA700][000001A7193498C0 49] iPhone12ProMax, [000001A71822D100][000001A71934DA40 49] iPadPro105, [000001A7181A9200][000001A70C4E1BC0 49] iPadPro129, [000001A71822E000][000001A7186FE1C0 49] iPadPro97, [000001A7181A9100][000001A70B8DC340 49] iPadPro2_129, [000001A71822E100][000001A70BE3C4C0 49] iPad5, [000001A7181AB200][000001A70BE40640 49] iPad6, [000001A71822DB00][000001A70BE447C0 49] iPad7, [000001A7181AAC00][000001A70BE48940 49] iPad8, [000001A71822F600][000001A7140ACA80 49] iPadPro11, [000001A7181A8F00][000001A70BE4CBC0 49] iPadPro2_11, [000001A71822C400][000001A70BE50D00 49] iPadPro3_129, [000001A7181A9500][000001A70BE58E80 49] iPadPro4_129, [000001A71822F300][000001A7140C9000 49] AppleTV, [000001A7181AB700][000001A7140CD180 49] AppleTV4K, [000001A71822D900][000001A7140D1300 49] TVOS, [000001A7181A8900][000001A7140D5480 49] Mac, [000001A71822F800][000001A7140D9600 49] MacClient, [000001A7181AA000][000001A7140DD780 49] MacNoEditor, [000001A71822F500][000001A7140E1900 49] MacServer, [000001A7181A8500][000001A7140E5A80 49] Linux, [000001A71822EC00][000001A7140E9C00 49] LinuxAArch64, [000001A7181A9400][000001A7140EC200 49] LinuxNoEditor, [000001A71822F100][000001A70BCC2380 49] LinuxAArch64NoEditor, [000001A7181AA400][000001A70BCC6500 49] LinuxClient, [000001A71822F400][000001A70BCCA680 49] LinuxAArch64Client, [000001A7181A8B00][000001A70BCCE800 49] LinuxServer, [000001A71822DC00][000001A70BCD2980 49] LinuxAArch64Server, [000001A7181A9000][000001A70BCD6B00 49] Android, [000001A71822E200][000001A70BE54C40 49] Android_Low, [000001A7181B5400][000001A70BCDAD80 49] Android_Mid, [000001A7182D9900][000001A70BCDEEC0 49] Android_High, [000001A7181B4B00][000001A70BCE7040 49] Android_Default, [000001A7182D8D00][000001A70BCEB1C0 49] Android_Adreno4xx, [000001A7181B6B00][000001A70BCEF340 49] Android_Adreno5xx_Low, [000001A7182D8100][000001A70BCF34C0 49] Android_Adreno5xx, [000001A7181B6800][000001A70BCF7640 49] Android_Adreno6xx, [000001A7182D8B00][000001A70BCFB7C0 49] Android_Adreno6xx_Vulkan, [000001A7181B4D00][000001A70BCFF940 49] Android_Mali_T6xx, [000001A7182D9400][000001A70BD03AC0 49] Android_Mali_T7xx, [000001A7181B6400][000001A70BD060C0 49] Android_Mali_T8xx, [000001A7182D8500][000001A70BD0A240 49] Android_Mali_G71, [000001A7181B4500][000001A70BD0E3C0 49] Android_Mali_G72, [000001A7182D8F00][000001A70BD12540 49] Android_Mali_G72_Vulkan, [000001A7181B6E00][000001A70BD166C0 49] Android_Mali_G76, [000001A7182D9B00][000001A70BD1A840 49] Android_Mali_G76_Vulkan, [000001A7181B5100][000001A70BD1E9C0 49] Android_Mali_G77, [000001A7182DA000][000001A70BD22B40 49] Android_Mali_G77_Vulkan, [000001A7181B5900][000001A70BD26CC0 49] Android_Mali_G78, [000001A7182D8200][000001A70BCE2E00 49] Android_Mali_G78_Vulkan, [000001A7181B5500][000001A70BD2AF40 49] Android_Mali_G710, [000001A7182D9500][000001A70BD2F080 49] Android_Mali_G710_Vulkan, [000001A7181B7700][000001A70BD331C0 49] Android_Vulkan_SM5, [000001A7182DA700][000001A70BD3B340 49] Android_PowerVR_G6xxx, [000001A7181B7F00][000001A70BD3F4C0 49] Android_PowerVR_GT7xxx, [000001A7182D8E00][000001A70BD43640 49] Android_PowerVR_GE8xxx, [000001A7181B6900][000001A70BD477C0 49] Android_PowerVR_GM9xxx, [000001A7182D8800][000001A70BD4B940 49] Android_PowerVR_GM9xxx_Vulkan, [000001A71822D700][000001A70BD4FAC0 49] Android_TegraK1, [000001A7181A8A00][000001A70BD520C0 49] Android_Unknown_Vulkan, [000001A71822DF00][000001A70BD56240 49] Lumin, [000001A7181A9900][000001A70BD5A3C0 49] Lumin_Desktop, [000001A71822EA00][000001A718F90540 49] HoloLens, 
[2023.03.12-09.25.33:496][  0]LogMeshReduction: Using QuadricMeshReduction for automatic static mesh reduction
[2023.03.12-09.25.33:496][  0]LogMeshReduction: Using SimplygonMeshReduction for automatic skeletal mesh reduction
[2023.03.12-09.25.33:496][  0]LogMeshReduction: Using ProxyLODMeshReduction for automatic mesh merging
[2023.03.12-09.25.33:496][  0]LogMeshReduction: No distributed automatic mesh merging module available
[2023.03.12-09.25.33:496][  0]LogMeshMerging: No distributed automatic mesh merging module available
[2023.03.12-09.25.33:511][  0]LogNetVersion: Solovev_GB_4_27 1.0.0, NetCL: 17155196, EngineNetVer: 17, GameNetVer: 0 (Checksum: 1958023630)
[2023.03.12-09.25.33:858][  0]LogTexture: Default maximum texture size for cubemaps generated from long-lat sources has been changed from 512 to unlimited. In order to preserve old behaiour for '/Engine/MapTemplates/Sky/DaylightAmbientCubemap.DaylightAmbientCubemap', its maximum texture size has been explicitly set to 512.
[2023.03.12-09.25.33:910][  0]LogHMD: PokeAHoleMaterial loaded successfully
[2023.03.12-09.25.33:915][  0]LogUObjectArray: 17178 objects as part of root set at end of initial load.
[2023.03.12-09.25.33:915][  0]LogUObjectAllocator: 4302048 out of 0 bytes used by permanent object pool.
[2023.03.12-09.25.33:915][  0]LogUObjectArray: CloseDisregardForGC: 0/0 objects in disregard for GC pool
[2023.03.12-09.25.34:158][  0]LogNiagaraDebuggerClient: Niagara Debugger Client Initialized | Session: 7232C0224016DC83B9B886B1CE8FD8E7 | Instance: EBD6EDC5479BEE334A12B4BFB31F1717 (DESKTOP-4P159JP-1296).
[2023.03.12-09.25.34:190][  0]LogPython: Using Python 3.7.7
[2023.03.12-09.25.34:751][  0]LogTcpMessaging: Initializing TcpMessaging bridge
[2023.03.12-09.25.34:755][  0]LogUdpMessaging: Initializing bridge on interface 0.0.0.0:0 to multicast group 230.0.0.1:6666.
[2023.03.12-09.25.34:963][  0]SourceControl: Source control is disabled
[2023.03.12-09.25.35:375][  0]LogUProjectInfo: Found projects:
[2023.03.12-09.25.35:378][  0]LogVSAccessor: Display: Unable to create Visual Studio setup instance: 80040154
[2023.03.12-09.25.35:379][  0]LogVSAccessor: Display: Unable to create Visual Studio setup instance: 80040154
[2023.03.12-09.25.35:379][  0]LogVSAccessor: Display: Unable to create Visual Studio setup instance: 80040154
[2023.03.12-09.25.35:497][  0]LogOpenImageDenoise: OIDN starting up
[2023.03.12-09.25.35:538][  0]LogAndroidPermission: UAndroidPermissionCallbackProxy::GetInstance
[2023.03.12-09.25.35:558][  0]LogAudioCaptureCore: Display: No Audio Capture implementations found. Audio input will be silent.
[2023.03.12-09.25.35:558][  0]LogAudioCaptureCore: Display: No Audio Capture implementations found. Audio input will be silent.
[2023.03.12-09.25.35:669][  0]LogCollectionManager: Loaded 0 collections in 0.001649 seconds
[2023.03.12-09.25.35:692][  0]LogFileCache: Scanning file cache for directory 'Q:/Учеба/4.27/Solovev_GB_4_27/Saved/Collections/' took 0.00s
[2023.03.12-09.25.35:692][  0]LogFileCache: Scanning file cache for directory 'Q:/Учеба/4.27/Solovev_GB_4_27/Content/Developers/zeint/Collections/' took 0.00s
[2023.03.12-09.25.35:692][  0]LogFileCache: Scanning file cache for directory 'Q:/Учеба/4.27/Solovev_GB_4_27/Content/Collections/' took 0.00s
[2023.03.12-09.25.35:692][  0]LogOcInput: OculusInput pre-init called
[2023.03.12-09.25.35:914][  0]LogEngine: Initializing Engine...
[2023.03.12-09.25.35:916][  0]LogHMD: Failed to enumerate extensions. Please check that you have a valid OpenXR runtime installed.
[2023.03.12-09.25.35:917][  0]LogHMD: Failed to initialize OpenVR with code 110
[2023.03.12-09.25.35:917][  0]LogMagicLeap: Warning: VR disabled because ZI is not enabled.  To enable, in the editor, Edit -> Project Settings -> Plugins -> Magic Leap Plugin -> Enable Zero Iteration
[2023.03.12-09.25.35:917][  0]LogStats: UGameplayTagsManager::InitializeManager -  0.000 s
[2023.03.12-09.25.36:026][  0]LogInit: Initializing FReadOnlyCVARCache
[2023.03.12-09.25.36:033][  0]LogAIModule: Creating AISystem for world Untitled
[2023.03.12-09.25.36:045][  0]LogAudio: Display: Initializing Audio Device Manager...
[2023.03.12-09.25.36:048][  0]LogAudio: Display: Loading Default Audio Settings Objects...
[2023.03.12-09.25.36:048][  0]LogAudio: Display: No default SoundConcurrencyObject specified (or failed to load).
[2023.03.12-09.25.36:049][  0]LogAudio: Display: Audio Device Manager Initialized
[2023.03.12-09.25.36:049][  0]LogAudio: Display: Creating Audio Device:                 Id: 1, Scope: Shared, Realtime: True
[2023.03.12-09.25.36:049][  0]LogAudioMixer: Display: Audio Mixer Platform Settings:
[2023.03.12-09.25.36:049][  0]LogAudioMixer: Display: 	Sample Rate:						  48000
[2023.03.12-09.25.36:049][  0]LogAudioMixer: Display: 	Callback Buffer Frame Size Requested: 1024
[2023.03.12-09.25.36:049][  0]LogAudioMixer: Display: 	Callback Buffer Frame Size To Use:	  1024
[2023.03.12-09.25.36:049][  0]LogAudioMixer: Display: 	Number of buffers to queue:			  2
[2023.03.12-09.25.36:049][  0]LogAudioMixer: Display: 	Max Channels (voices):				  32
[2023.03.12-09.25.36:049][  0]LogAudioMixer: Display: 	Number of Async Source Workers:		  0
[2023.03.12-09.25.36:049][  0]LogAudio: Display: AudioDevice MaxSources: 32
[2023.03.12-09.25.36:049][  0]LogAudio: Display: Audio Spatialization Plugin: None (built-in).
[2023.03.12-09.25.36:049][  0]LogAudio: Display: Audio Reverb Plugin: None (built-in).
[2023.03.12-09.25.36:049][  0]LogAudio: Display: Audio Occlusion Plugin: None (built-in).
[2023.03.12-09.25.36:049][  0]LogAudioMixer: Display: Initializing audio mixer.
[2023.03.12-09.25.36:061][  0]LogAudioMixer: Display: 0: FrontLeft
[2023.03.12-09.25.36:061][  0]LogAudioMixer: Display: 1: FrontRight
[2023.03.12-09.25.36:076][  0]LogAudioMixer: Display: Using Audio Device Динамики (High Definition Audio Device)
[2023.03.12-09.25.36:079][  0]LogAudioMixer: Display: Initializing Sound Submixes...
[2023.03.12-09.25.36:081][  0]LogAudioMixer: Display: Creating Master Submix 'MasterSubmixDefault'
[2023.03.12-09.25.36:081][  0]LogAudioMixer: Display: Creating Master Submix 'MasterReverbSubmixDefault'
[2023.03.12-09.25.36:082][  0]LogAudioMixer: Display: Creating Master Submix 'MasterEQSubmixDefault'
[2023.03.12-09.25.36:082][  0]LogAudioMixer: FMixerPlatformXAudio2::StartAudioStream() called
[2023.03.12-09.25.36:082][  0]LogAudioMixer: Display: Output buffers initialized: Frames=1024, Channels=2, Samples=2048
[2023.03.12-09.25.36:083][  0]LogAudioMixer: Display: Starting AudioMixerPlatformInterface::RunInternal()
[2023.03.12-09.25.36:083][  0]LogAudioMixer: Display: FMixerPlatformXAudio2::SubmitBuffer() called for the first time
[2023.03.12-09.25.36:083][  0]LogInit: FAudioDevice initialized.
[2023.03.12-09.25.36:083][  0]LogAudio: Display: Audio Device (ID: 1) registered with world 'Untitled'.
[2023.03.12-09.25.36:083][  0]LogNetVersion: Set ProjectVersion to 1.0.0.0. Version Checksum will be recalculated on next use.
[2023.03.12-09.25.36:132][  0]LogDerivedDataCache: Saved boot cache 0.05s 94MB C:/Users/zeint/AppData/Local/UnrealEngine/4.27/DerivedDataCache/Boot.ddc.
[2023.03.12-09.25.36:135][  0]LogInit: Texture streaming: Enabled
[2023.03.12-09.25.36:146][  0]LogAnalytics: Display: [UEEditor.Rocket.Release] APIServer = https://datarouter.ol.epicgames.com/. AppVersion = 4.27.2-18319896+++UE4+Release-4.27
[2023.03.12-09.25.36:149][  0]LogEngineSessionManager: EngineSessionManager initialized
[2023.03.12-09.25.36:149][  0]LogEditorSessionSummary: Verbose: Initializing EditorSessionSummaryWriter for editor session tracking
[2023.03.12-09.25.36:151][  0]LogEditorSessionSummary: EditorSessionSummaryWriter initialized
[2023.03.12-09.25.36:171][  0]LogInit: Transaction tracking system initialized
[2023.03.12-09.25.36:188][  0]BlueprintLog: New page: Editor Load
[2023.03.12-09.25.36:240][  0]LocalizationService: Localization service is disabled
[2023.03.12-09.25.36:260][  0]TimingProfiler: Initialize
[2023.03.12-09.25.36:261][  0]TimingProfiler: OnSessionChanged
[2023.03.12-09.25.36:261][  0]LoadingProfiler: Initialize
[2023.03.12-09.25.36:261][  0]LoadingProfiler: OnSessionChanged
[2023.03.12-09.25.36:261][  0]NetworkingProfiler: Initialize
[2023.03.12-09.25.36:261][  0]NetworkingProfiler: OnSessionChanged
[2023.03.12-09.25.36:261][  0]MemoryProfiler: Initialize
[2023.03.12-09.25.36:261][  0]MemoryProfiler: OnSessionChanged
[2023.03.12-09.25.36:312][  0]LogVSAccessor: Display: Unable to create Visual Studio setup instance: 80040154
[2023.03.12-09.25.36:312][  0]LogVSAccessor: Display: Unable to create Visual Studio setup instance: 80040154
[2023.03.12-09.25.36:313][  0]LogVSAccessor: Display: Unable to create Visual Studio setup instance: 80040154
[2023.03.12-09.25.36:391][  0]LogCook: Display: CookSettings for Memory: MemoryMaxUsedVirtual 0MiB, MemoryMaxUsedPhysical 16384MiB, MemoryMinFreeVirtual 0MiB, MemoryMinFreePhysical 1024MiB
[2023.03.12-09.25.36:391][  0]LogCook: Display: Mobile HDR setting 1
[2023.03.12-09.25.36:553][  0]LogFileCache: Scanning file cache for directory 'Q:/Учеба/4.27/Solovev_GB_4_27/Content/' took 0.01s
[2023.03.12-09.25.36:726][  0]LogInit: Display: Engine is initialized. Leaving FEngineLoop::Init()
[2023.03.12-09.25.36:729][  0]LogUnrealEdMisc: Loading editor; pre map load, took 6.570
[2023.03.12-09.25.36:729][  0]Cmd: MAP LOAD FILE="Q:/Учеба/4.27/Solovev_GB_4_27/Content/Main/Maps/lvl_Start_level.umap" TEMPLATE=0 SHOWPROGRESS=1 FEATURELEVEL=3
[2023.03.12-09.25.36:729][  0]LightingResults: New page: Lighting Build
[2023.03.12-09.25.36:730][  0]LogWorld: UWorld::CleanupWorld for Untitled, bSessionEnded=true, bCleanupResources=true
[2023.03.12-09.25.36:731][  0]LogSlate: InvalidateAllWidgets triggered.  All widgets were invalidated
[2023.03.12-09.25.36:731][  0]MapCheck: New page: Map Check
[2023.03.12-09.25.36:731][  0]LightingResults: New page: Lighting Build
[2023.03.12-09.25.36:734][  0]LogAudio: Display: Audio Device unregistered from world 'None'.
[2023.03.12-09.25.36:737][  0]LogUObjectHash: Compacting FUObjectHashTables data took   0.70ms
[2023.03.12-09.25.36:839][  0]LogStaticMesh: Building static mesh CM_Sphere...
[2023.03.12-09.25.36:847][  0]LogStaticMesh: Built static mesh [0.01s] /Game/Main/Enviroment/Meshes/Base_mesh/Combine/CM_Sphere.CM_Sphere
[2023.03.12-09.25.36:849][  0]LogStaticMesh: Building static mesh PH_Cube...
[2023.03.12-09.25.36:850][  0]LogStaticMesh: Built static mesh [0.00s] /Game/Main/Enviroment/Meshes/Base_mesh/Physic/PH_Cube.PH_Cube
[2023.03.12-09.25.36:858][  0]LogAudio: Display: Audio Device (ID: 1) registered with world 'lvl_Start_level'.
[2023.03.12-09.25.36:859][  0]LogAIModule: Creating AISystem for world lvl_Start_level
[2023.03.12-09.25.36:869][  0]LogEditorServer: Finished looking for orphan Actors (0.000 secs)
[2023.03.12-09.25.36:875][  0]LogUObjectHash: Compacting FUObjectHashTables data took   0.71ms
[2023.03.12-09.25.36:875][  0]Cmd: MAP CHECKDEP NOCLEARLOG
[2023.03.12-09.25.36:875][  0]MapCheck: Map check complete: 0 Error(s), 0 Warning(s), took 0,095ms to complete.
[2023.03.12-09.25.36:875][  0]LogFileHelpers: Loading map 'lvl_Start_level' took 0.146
[2023.03.12-09.25.36:877][  0]LogUnrealEdMisc: Total Editor Startup Time, took 6.718
[2023.03.12-09.25.37:000][  0]LogSlate: Updating window title bar state: overlay mode, drag disabled, window buttons hidden, title bar hidden
[2023.03.12-09.25.37:012][  0]LogSlate: Updating window title bar state: overlay mode, drag disabled, window buttons hidden, title bar hidden
[2023.03.12-09.25.37:022][  0]LogSlate: Updating window title bar state: overlay mode, drag disabled, window buttons hidden, title bar hidden
[2023.03.12-09.25.37:028][  0]LogSlate: Updating window title bar state: overlay mode, drag disabled, window buttons hidden, title bar hidden
[2023.03.12-09.25.37:041][  0]LogNativeClassHierarchy: Verbose: Native class hierarchy populated in 0.0089 seconds. Added 3822 classes and 928 folders.
[2023.03.12-09.25.37:043][  0]LogNativeClassHierarchy: Verbose: Native class hierarchy updated for 'WidgetCarousel' in 0.0003 seconds. Added 0 classes and 0 folders.
[2023.03.12-09.25.37:044][  0]LogPakFile: PakFile PrimaryIndexSize=187
[2023.03.12-09.25.37:044][  0]LogPakFile: PakFile PathHashIndexSize=101
[2023.03.12-09.25.37:044][  0]LogPakFile: PakFile FullDirectoryIndexSize=148
[2023.03.12-09.25.37:044][  0]LogShaderLibrary: Display: ShaderCodeLibraryPakFileMountedCallback: PakFile 'C:/Program Files/Epic Games/UE_4.27/FeaturePacks/FP_FirstPerson.upack' (chunk index -1, root 'root:/') mounted
[2023.03.12-09.25.37:044][  0]LogShaderLibrary: Display: ShaderCodeLibraryPakFileMountedCallback: pending pak file info (ChunkID:-1 Root:root:/ File:C:/Program Files/Epic Games/UE_4.27/FeaturePacks/FP_FirstPerson.upack)
[2023.03.12-09.25.37:044][  0]LogPakFile: OnPakFileMounted2Time == 0.000054
[2023.03.12-09.25.37:045][  0]LogPakFile: PakFile PrimaryIndexSize=189
[2023.03.12-09.25.37:045][  0]LogPakFile: PakFile PathHashIndexSize=101
[2023.03.12-09.25.37:045][  0]LogPakFile: PakFile FullDirectoryIndexSize=152
[2023.03.12-09.25.37:045][  0]LogShaderLibrary: Display: ShaderCodeLibraryPakFileMountedCallback: PakFile 'C:/Program Files/Epic Games/UE_4.27/FeaturePacks/FP_FirstPersonBP.upack' (chunk index -1, root 'root:/') mounted
[2023.03.12-09.25.37:045][  0]LogShaderLibrary: Display: ShaderCodeLibraryPakFileMountedCallback: pending pak file info (ChunkID:-1 Root:root:/ File:C:/Program Files/Epic Games/UE_4.27/FeaturePacks/FP_FirstPersonBP.upack)
[2023.03.12-09.25.37:045][  0]LogPakFile: OnPakFileMounted2Time == 0.000042
[2023.03.12-09.25.37:046][  0]LogPakFile: PakFile PrimaryIndexSize=191
[2023.03.12-09.25.37:046][  0]LogPakFile: PakFile PathHashIndexSize=101
[2023.03.12-09.25.37:046][  0]LogPakFile: PakFile FullDirectoryIndexSize=160
[2023.03.12-09.25.37:046][  0]LogShaderLibrary: Display: ShaderCodeLibraryPakFileMountedCallback: PakFile 'C:/Program Files/Epic Games/UE_4.27/FeaturePacks/MobileStarterContent.upack' (chunk index -1, root 'root:/') mounted
[2023.03.12-09.25.37:046][  0]LogShaderLibrary: Display: ShaderCodeLibraryPakFileMountedCallback: pending pak file info (ChunkID:-1 Root:root:/ File:C:/Program Files/Epic Games/UE_4.27/FeaturePacks/MobileStarterContent.upack)
[2023.03.12-09.25.37:046][  0]LogPakFile: OnPakFileMounted2Time == 0.000034
[2023.03.12-09.25.37:047][  0]LogPakFile: PakFile PrimaryIndexSize=185
[2023.03.12-09.25.37:047][  0]LogPakFile: PakFile PathHashIndexSize=101
[2023.03.12-09.25.37:047][  0]LogPakFile: PakFile FullDirectoryIndexSize=148
[2023.03.12-09.25.37:047][  0]LogShaderLibrary: Display: ShaderCodeLibraryPakFileMountedCallback: PakFile 'C:/Program Files/Epic Games/UE_4.27/FeaturePacks/StarterContent.upack' (chunk index -1, root 'root:/') mounted
[2023.03.12-09.25.37:047][  0]LogShaderLibrary: Display: ShaderCodeLibraryPakFileMountedCallback: pending pak file info (ChunkID:-1 Root:root:/ File:C:/Program Files/Epic Games/UE_4.27/FeaturePacks/StarterContent.upack)
[2023.03.12-09.25.37:047][  0]LogPakFile: OnPakFileMounted2Time == 0.000038
[2023.03.12-09.25.37:047][  0]LogPakFile: PakFile PrimaryIndexSize=190
[2023.03.12-09.25.37:047][  0]LogPakFile: PakFile PathHashIndexSize=101
[2023.03.12-09.25.37:047][  0]LogPakFile: PakFile FullDirectoryIndexSize=154
[2023.03.12-09.25.37:047][  0]LogShaderLibrary: Display: ShaderCodeLibraryPakFileMountedCallback: PakFile 'C:/Program Files/Epic Games/UE_4.27/FeaturePacks/TP_2DSideScroller.upack' (chunk index -1, root 'root:/') mounted
[2023.03.12-09.25.37:047][  0]LogShaderLibrary: Display: ShaderCodeLibraryPakFileMountedCallback: pending pak file info (ChunkID:-1 Root:root:/ File:C:/Program Files/Epic Games/UE_4.27/FeaturePacks/TP_2DSideScroller.upack)
[2023.03.12-09.25.37:047][  0]LogPakFile: OnPakFileMounted2Time == 0.000035
[2023.03.12-09.25.37:048][  0]LogPakFile: PakFile PrimaryIndexSize=192
[2023.03.12-09.25.37:048][  0]LogPakFile: PakFile PathHashIndexSize=101
[2023.03.12-09.25.37:048][  0]LogPakFile: PakFile FullDirectoryIndexSize=158
[2023.03.12-09.25.37:048][  0]LogShaderLibrary: Display: ShaderCodeLibraryPakFileMountedCallback: PakFile 'C:/Program Files/Epic Games/UE_4.27/FeaturePacks/TP_2DSideScrollerBP.upack' (chunk index -1, root 'root:/') mounted
[2023.03.12-09.25.37:048][  0]LogShaderLibrary: Display: ShaderCodeLibraryPakFileMountedCallback: pending pak file info (ChunkID:-1 Root:root:/ File:C:/Program Files/Epic Games/UE_4.27/FeaturePacks/TP_2DSideScrollerBP.upack)
[2023.03.12-09.25.37:048][  0]LogPakFile: OnPakFileMounted2Time == 0.000034
[2023.03.12-09.25.37:049][  0]LogPakFile: PakFile PrimaryIndexSize=182
[2023.03.12-09.25.37:049][  0]LogPakFile: PakFile PathHashIndexSize=101
[2023.03.12-09.25.37:049][  0]LogPakFile: PakFile FullDirectoryIndexSize=138
[2023.03.12-09.25.37:049][  0]LogShaderLibrary: Display: ShaderCodeLibraryPakFileMountedCallback: PakFile 'C:/Program Files/Epic Games/UE_4.27/FeaturePacks/TP_Flying.upack' (chunk index -1, root 'root:/') mounted
[2023.03.12-09.25.37:049][  0]LogShaderLibrary: Display: ShaderCodeLibraryPakFileMountedCallback: pending pak file info (ChunkID:-1 Root:root:/ File:C:/Program Files/Epic Games/UE_4.27/FeaturePacks/TP_Flying.upack)
[2023.03.12-09.25.37:049][  0]LogPakFile: OnPakFileMounted2Time == 0.000034
[2023.03.12-09.25.37:049][  0]LogPakFile: PakFile PrimaryIndexSize=184
[2023.03.12-09.25.37:049][  0]LogPakFile: PakFile PathHashIndexSize=101
[2023.03.12-09.25.37:049][  0]LogPakFile: PakFile FullDirectoryIndexSize=142
[2023.03.12-09.25.37:049][  0]LogShaderLibrary: Display: ShaderCodeLibraryPakFileMountedCallback: PakFile 'C:/Program Files/Epic Games/UE_4.27/FeaturePacks/TP_FlyingBP.upack' (chunk index -1, root 'root:/') mounted
[2023.03.12-09.25.37:050][  0]LogShaderLibrary: Display: ShaderCodeLibraryPakFileMountedCallback: pending pak file info (ChunkID:-1 Root:root:/ File:C:/Program Files/Epic Games/UE_4.27/FeaturePacks/TP_FlyingBP.upack)
[2023.03.12-09.25.37:050][  0]LogPakFile: OnPakFileMounted2Time == 0.000035
[2023.03.12-09.25.37:050][  0]LogPakFile: PakFile PrimaryIndexSize=188
[2023.03.12-09.25.37:050][  0]LogPakFile: PakFile PathHashIndexSize=101
[2023.03.12-09.25.37:050][  0]LogPakFile: PakFile FullDirectoryIndexSize=150
[2023.03.12-09.25.37:050][  0]LogShaderLibrary: Display: ShaderCodeLibraryPakFileMountedCallback: PakFile 'C:/Program Files/Epic Games/UE_4.27/FeaturePacks/TP_HandheldARBP.upack' (chunk index -1, root 'root:/') mounted
[2023.03.12-09.25.37:050][  0]LogShaderLibrary: Display: ShaderCodeLibraryPakFileMountedCallback: pending pak file info (ChunkID:-1 Root:root:/ File:C:/Program Files/Epic Games/UE_4.27/FeaturePacks/TP_HandheldARBP.upack)
[2023.03.12-09.25.37:050][  0]LogPakFile: OnPakFileMounted2Time == 0.000033
[2023.03.12-09.25.37:051][  0]LogPakFile: PakFile PrimaryIndexSize=182
[2023.03.12-09.25.37:051][  0]LogPakFile: PakFile PathHashIndexSize=101
[2023.03.12-09.25.37:051][  0]LogPakFile: PakFile FullDirectoryIndexSize=138
[2023.03.12-09.25.37:051][  0]LogShaderLibrary: Display: ShaderCodeLibraryPakFileMountedCallback: PakFile 'C:/Program Files/Epic Games/UE_4.27/FeaturePacks/TP_Puzzle.upack' (chunk index -1, root 'root:/') mounted
[2023.03.12-09.25.37:051][  0]LogShaderLibrary: Display: ShaderCodeLibraryPakFileMountedCallback: pending pak file info (ChunkID:-1 Root:root:/ File:C:/Program Files/Epic Games/UE_4.27/FeaturePacks/TP_Puzzle.upack)
[2023.03.12-09.25.37:051][  0]LogPakFile: OnPakFileMounted2Time == 0.000033
[2023.03.12-09.25.37:052][  0]LogPakFile: PakFile PrimaryIndexSize=184
[2023.03.12-09.25.37:052][  0]LogPakFile: PakFile PathHashIndexSize=101
[2023.03.12-09.25.37:052][  0]LogPakFile: PakFile FullDirectoryIndexSize=142
[2023.03.12-09.25.37:052][  0]LogShaderLibrary: Display: ShaderCodeLibraryPakFileMountedCallback: PakFile 'C:/Program Files/Epic Games/UE_4.27/FeaturePacks/TP_PuzzleBP.upack' (chunk index -1, root 'root:/') mounted
[2023.03.12-09.25.37:052][  0]LogShaderLibrary: Display: ShaderCodeLibraryPakFileMountedCallback: pending pak file info (ChunkID:-1 Root:root:/ File:C:/Program Files/Epic Games/UE_4.27/FeaturePacks/TP_PuzzleBP.upack)
[2023.03.12-09.25.37:052][  0]LogPakFile: OnPakFileMounted2Time == 0.000033
[2023.03.12-09.25.37:052][  0]LogPakFile: PakFile PrimaryIndexSize=183
[2023.03.12-09.25.37:053][  0]LogPakFile: PakFile PathHashIndexSize=101
[2023.03.12-09.25.37:053][  0]LogPakFile: PakFile FullDirectoryIndexSize=140
[2023.03.12-09.25.37:053][  0]LogShaderLibrary: Display: ShaderCodeLibraryPakFileMountedCallback: PakFile 'C:/Program Files/Epic Games/UE_4.27/FeaturePacks/TP_Rolling.upack' (chunk index -1, root 'root:/') mounted
[2023.03.12-09.25.37:053][  0]LogShaderLibrary: Display: ShaderCodeLibraryPakFileMountedCallback: pending pak file info (ChunkID:-1 Root:root:/ File:C:/Program Files/Epic Games/UE_4.27/FeaturePacks/TP_Rolling.upack)
[2023.03.12-09.25.37:053][  0]LogPakFile: OnPakFileMounted2Time == 0.000033
[2023.03.12-09.25.37:053][  0]LogPakFile: PakFile PrimaryIndexSize=185
[2023.03.12-09.25.37:053][  0]LogPakFile: PakFile PathHashIndexSize=101
[2023.03.12-09.25.37:053][  0]LogPakFile: PakFile FullDirectoryIndexSize=144
[2023.03.12-09.25.37:053][  0]LogShaderLibrary: Display: ShaderCodeLibraryPakFileMountedCallback: PakFile 'C:/Program Files/Epic Games/UE_4.27/FeaturePacks/TP_RollingBP.upack' (chunk index -1, root 'root:/') mounted
[2023.03.12-09.25.37:053][  0]LogShaderLibrary: Display: ShaderCodeLibraryPakFileMountedCallback: pending pak file info (ChunkID:-1 Root:root:/ File:C:/Program Files/Epic Games/UE_4.27/FeaturePacks/TP_RollingBP.upack)
[2023.03.12-09.25.37:053][  0]LogPakFile: OnPakFileMounted2Time == 0.000034
[2023.03.12-09.25.37:054][  0]LogPakFile: PakFile PrimaryIndexSize=188
[2023.03.12-09.25.37:054][  0]LogPakFile: PakFile PathHashIndexSize=101
[2023.03.12-09.25.37:054][  0]LogPakFile: PakFile FullDirectoryIndexSize=150
[2023.03.12-09.25.37:054][  0]LogShaderLibrary: Display: ShaderCodeLibraryPakFileMountedCallback: PakFile 'C:/Program Files/Epic Games/UE_4.27/FeaturePacks/TP_SideScroller.upack' (chunk index -1, root 'root:/') mounted
[2023.03.12-09.25.37:054][  0]LogShaderLibrary: Display: ShaderCodeLibraryPakFileMountedCallback: pending pak file info (ChunkID:-1 Root:root:/ File:C:/Program Files/Epic Games/UE_4.27/FeaturePacks/TP_SideScroller.upack)
[2023.03.12-09.25.37:054][  0]LogPakFile: OnPakFileMounted2Time == 0.000034
[2023.03.12-09.25.37:055][  0]LogPakFile: PakFile PrimaryIndexSize=190
[2023.03.12-09.25.37:055][  0]LogPakFile: PakFile PathHashIndexSize=101
[2023.03.12-09.25.37:055][  0]LogPakFile: PakFile FullDirectoryIndexSize=154
[2023.03.12-09.25.37:055][  0]LogShaderLibrary: Display: ShaderCodeLibraryPakFileMountedCallback: PakFile 'C:/Program Files/Epic Games/UE_4.27/FeaturePacks/TP_SideScrollerBP.upack' (chunk index -1, root 'root:/') mounted
[2023.03.12-09.25.37:055][  0]LogShaderLibrary: Display: ShaderCodeLibraryPakFileMountedCallback: pending pak file info (ChunkID:-1 Root:root:/ File:C:/Program Files/Epic Games/UE_4.27/FeaturePacks/TP_SideScrollerBP.upack)
[2023.03.12-09.25.37:055][  0]LogPakFile: OnPakFileMounted2Time == 0.000036
[2023.03.12-09.25.37:056][  0]LogPakFile: PakFile PrimaryIndexSize=187
[2023.03.12-09.25.37:056][  0]LogPakFile: PakFile PathHashIndexSize=101
[2023.03.12-09.25.37:056][  0]LogPakFile: PakFile FullDirectoryIndexSize=148
[2023.03.12-09.25.37:056][  0]LogShaderLibrary: Display: ShaderCodeLibraryPakFileMountedCallback: PakFile 'C:/Program Files/Epic Games/UE_4.27/FeaturePacks/TP_ThirdPerson.upack' (chunk index -1, root 'root:/') mounted
[2023.03.12-09.25.37:056][  0]LogShaderLibrary: Display: ShaderCodeLibraryPakFileMountedCallback: pending pak file info (ChunkID:-1 Root:root:/ File:C:/Program Files/Epic Games/UE_4.27/FeaturePacks/TP_ThirdPerson.upack)
[2023.03.12-09.25.37:056][  0]LogPakFile: OnPakFileMounted2Time == 0.000041
[2023.03.12-09.25.37:057][  0]LogPakFile: PakFile PrimaryIndexSize=189
[2023.03.12-09.25.37:057][  0]LogPakFile: PakFile PathHashIndexSize=101
[2023.03.12-09.25.37:057][  0]LogPakFile: PakFile FullDirectoryIndexSize=152
[2023.03.12-09.25.37:057][  0]LogShaderLibrary: Display: ShaderCodeLibraryPakFileMountedCallback: PakFile 'C:/Program Files/Epic Games/UE_4.27/FeaturePacks/TP_ThirdPersonBP.upack' (chunk index -1, root 'root:/') mounted
[2023.03.12-09.25.37:057][  0]LogShaderLibrary: Display: ShaderCodeLibraryPakFileMountedCallback: pending pak file info (ChunkID:-1 Root:root:/ File:C:/Program Files/Epic Games/UE_4.27/FeaturePacks/TP_ThirdPersonBP.upack)
[2023.03.12-09.25.37:057][  0]LogPakFile: OnPakFileMounted2Time == 0.000038
[2023.03.12-09.25.37:057][  0]LogPakFile: PakFile PrimaryIndexSize=183
[2023.03.12-09.25.37:057][  0]LogPakFile: PakFile PathHashIndexSize=101
[2023.03.12-09.25.37:057][  0]LogPakFile: PakFile FullDirectoryIndexSize=140
[2023.03.12-09.25.37:057][  0]LogShaderLibrary: Display: ShaderCodeLibraryPakFileMountedCallback: PakFile 'C:/Program Files/Epic Games/UE_4.27/FeaturePacks/TP_TopDown.upack' (chunk index -1, root 'root:/') mounted
[2023.03.12-09.25.37:057][  0]LogShaderLibrary: Display: ShaderCodeLibraryPakFileMountedCallback: pending pak file info (ChunkID:-1 Root:root:/ File:C:/Program Files/Epic Games/UE_4.27/FeaturePacks/TP_TopDown.upack)
[2023.03.12-09.25.37:057][  0]LogPakFile: OnPakFileMounted2Time == 0.000045
[2023.03.12-09.25.37:058][  0]LogPakFile: PakFile PrimaryIndexSize=185
[2023.03.12-09.25.37:058][  0]LogPakFile: PakFile PathHashIndexSize=101
[2023.03.12-09.25.37:058][  0]LogPakFile: PakFile FullDirectoryIndexSize=144
[2023.03.12-09.25.37:058][  0]LogShaderLibrary: Display: ShaderCodeLibraryPakFileMountedCallback: PakFile 'C:/Program Files/Epic Games/UE_4.27/FeaturePacks/TP_TopDownBP.upack' (chunk index -1, root 'root:/') mounted
[2023.03.12-09.25.37:058][  0]LogShaderLibrary: Display: ShaderCodeLibraryPakFileMountedCallback: pending pak file info (ChunkID:-1 Root:root:/ File:C:/Program Files/Epic Games/UE_4.27/FeaturePacks/TP_TopDownBP.upack)
[2023.03.12-09.25.37:058][  0]LogPakFile: OnPakFileMounted2Time == 0.000035
[2023.03.12-09.25.37:059][  0]LogPakFile: PakFile PrimaryIndexSize=185
[2023.03.12-09.25.37:059][  0]LogPakFile: PakFile PathHashIndexSize=101
[2023.03.12-09.25.37:059][  0]LogPakFile: PakFile FullDirectoryIndexSize=144
[2023.03.12-09.25.37:059][  0]LogShaderLibrary: Display: ShaderCodeLibraryPakFileMountedCallback: PakFile 'C:/Program Files/Epic Games/UE_4.27/FeaturePacks/TP_TwinStick.upack' (chunk index -1, root 'root:/') mounted
[2023.03.12-09.25.37:059][  0]LogShaderLibrary: Display: ShaderCodeLibraryPakFileMountedCallback: pending pak file info (ChunkID:-1 Root:root:/ File:C:/Program Files/Epic Games/UE_4.27/FeaturePacks/TP_TwinStick.upack)
[2023.03.12-09.25.37:059][  0]LogPakFile: OnPakFileMounted2Time == 0.000040
[2023.03.12-09.25.37:059][  0]LogPakFile: PakFile PrimaryIndexSize=187
[2023.03.12-09.25.37:060][  0]LogPakFile: PakFile PathHashIndexSize=101
[2023.03.12-09.25.37:060][  0]LogPakFile: PakFile FullDirectoryIndexSize=148
[2023.03.12-09.25.37:060][  0]LogShaderLibrary: Display: ShaderCodeLibraryPakFileMountedCallback: PakFile 'C:/Program Files/Epic Games/UE_4.27/FeaturePacks/TP_TwinStickBP.upack' (chunk index -1, root 'root:/') mounted
[2023.03.12-09.25.37:060][  0]LogShaderLibrary: Display: ShaderCodeLibraryPakFileMountedCallback: pending pak file info (ChunkID:-1 Root:root:/ File:C:/Program Files/Epic Games/UE_4.27/FeaturePacks/TP_TwinStickBP.upack)
[2023.03.12-09.25.37:060][  0]LogPakFile: OnPakFileMounted2Time == 0.000034
[2023.03.12-09.25.37:060][  0]LogPakFile: PakFile PrimaryIndexSize=183
[2023.03.12-09.25.37:060][  0]LogPakFile: PakFile PathHashIndexSize=101
[2023.03.12-09.25.37:060][  0]LogPakFile: PakFile FullDirectoryIndexSize=140
[2023.03.12-09.25.37:060][  0]LogShaderLibrary: Display: ShaderCodeLibraryPakFileMountedCallback: PakFile 'C:/Program Files/Epic Games/UE_4.27/FeaturePacks/TP_Vehicle.upack' (chunk index -1, root 'root:/') mounted
[2023.03.12-09.25.37:060][  0]LogShaderLibrary: Display: ShaderCodeLibraryPakFileMountedCallback: pending pak file info (ChunkID:-1 Root:root:/ File:C:/Program Files/Epic Games/UE_4.27/FeaturePacks/TP_Vehicle.upack)
[2023.03.12-09.25.37:060][  0]LogPakFile: OnPakFileMounted2Time == 0.000034
[2023.03.12-09.25.37:061][  0]LogPakFile: PakFile PrimaryIndexSize=186
[2023.03.12-09.25.37:061][  0]LogPakFile: PakFile PathHashIndexSize=101
[2023.03.12-09.25.37:061][  0]LogPakFile: PakFile FullDirectoryIndexSize=146
[2023.03.12-09.25.37:061][  0]LogShaderLibrary: Display: ShaderCodeLibraryPakFileMountedCallback: PakFile 'C:/Program Files/Epic Games/UE_4.27/FeaturePacks/TP_VehicleAdv.upack' (chunk index -1, root 'root:/') mounted
[2023.03.12-09.25.37:061][  0]LogShaderLibrary: Display: ShaderCodeLibraryPakFileMountedCallback: pending pak file info (ChunkID:-1 Root:root:/ File:C:/Program Files/Epic Games/UE_4.27/FeaturePacks/TP_VehicleAdv.upack)
[2023.03.12-09.25.37:061][  0]LogPakFile: OnPakFileMounted2Time == 0.000034
[2023.03.12-09.25.37:062][  0]LogPakFile: PakFile PrimaryIndexSize=188
[2023.03.12-09.25.37:062][  0]LogPakFile: PakFile PathHashIndexSize=101
[2023.03.12-09.25.37:062][  0]LogPakFile: PakFile FullDirectoryIndexSize=150
[2023.03.12-09.25.37:062][  0]LogShaderLibrary: Display: ShaderCodeLibraryPakFileMountedCallback: PakFile 'C:/Program Files/Epic Games/UE_4.27/FeaturePacks/TP_VehicleAdvBP.upack' (chunk index -1, root 'root:/') mounted
[2023.03.12-09.25.37:062][  0]LogShaderLibrary: Display: ShaderCodeLibraryPakFileMountedCallback: pending pak file info (ChunkID:-1 Root:root:/ File:C:/Program Files/Epic Games/UE_4.27/FeaturePacks/TP_VehicleAdvBP.upack)
[2023.03.12-09.25.37:062][  0]LogPakFile: OnPakFileMounted2Time == 0.000037
[2023.03.12-09.25.37:062][  0]LogPakFile: PakFile PrimaryIndexSize=185
[2023.03.12-09.25.37:062][  0]LogPakFile: PakFile PathHashIndexSize=101
[2023.03.12-09.25.37:062][  0]LogPakFile: PakFile FullDirectoryIndexSize=144
[2023.03.12-09.25.37:062][  0]LogShaderLibrary: Display: ShaderCodeLibraryPakFileMountedCallback: PakFile 'C:/Program Files/Epic Games/UE_4.27/FeaturePacks/TP_VehicleBP.upack' (chunk index -1, root 'root:/') mounted
[2023.03.12-09.25.37:063][  0]LogShaderLibrary: Display: ShaderCodeLibraryPakFileMountedCallback: pending pak file info (ChunkID:-1 Root:root:/ File:C:/Program Files/Epic Games/UE_4.27/FeaturePacks/TP_VehicleBP.upack)
[2023.03.12-09.25.37:063][  0]LogPakFile: OnPakFileMounted2Time == 0.000035
[2023.03.12-09.25.37:063][  0]LogPakFile: PakFile PrimaryIndexSize=192
[2023.03.12-09.25.37:063][  0]LogPakFile: PakFile PathHashIndexSize=101
[2023.03.12-09.25.37:063][  0]LogPakFile: PakFile FullDirectoryIndexSize=158
[2023.03.12-09.25.37:063][  0]LogShaderLibrary: Display: ShaderCodeLibraryPakFileMountedCallback: PakFile 'C:/Program Files/Epic Games/UE_4.27/FeaturePacks/TP_VirtualRealityBP.upack' (chunk index -1, root 'root:/') mounted
[2023.03.12-09.25.37:063][  0]LogShaderLibrary: Display: ShaderCodeLibraryPakFileMountedCallback: pending pak file info (ChunkID:-1 Root:root:/ File:C:/Program Files/Epic Games/UE_4.27/FeaturePacks/TP_VirtualRealityBP.upack)
[2023.03.12-09.25.37:063][  0]LogPakFile: OnPakFileMounted2Time == 0.000033
[2023.03.12-09.25.37:113][  0]LogNativeClassHierarchy: Verbose: Native class hierarchy updated for 'AddContentDialog' in 0.0002 seconds. Added 0 classes and 0 folders.
[2023.03.12-09.25.37:114][  0]LogNativeClassHierarchy: Verbose: Native class hierarchy updated for 'SceneOutliner' in 0.0002 seconds. Added 2 classes and 0 folders.
[2023.03.12-09.25.37:149][  0]LogSlate: Took 0.000146 seconds to synchronously load lazily loaded font '../../../Engine/Content/Slate/Fonts/Roboto-Regular.ttf' (155K)
[2023.03.12-09.25.37:150][  0]LogSlate: Took 0.000136 seconds to synchronously load lazily loaded font '../../../Engine/Content/Editor/Slate/Fonts/FontAwesome.ttf' (139K)
[2023.03.12-09.25.37:151][  0]LogSlate: Took 0.000150 seconds to synchronously load lazily loaded font '../../../Engine/Content/Slate/Fonts/Roboto-Bold.ttf' (160K)
[2023.03.12-09.25.37:237][  0]LogRenderer: Reallocating scene render targets to support 1208x648 Format 10 NumSamples 1 (Frame:1).
[2023.03.12-09.25.37:425][  0]LogNativeClassHierarchy: Verbose: Native class hierarchy updated for 'HierarchicalLODOutliner' in 0.0004 seconds. Added 0 classes and 0 folders.
[2023.03.12-09.25.37:425][  0]LogLoad: (Engine Initialization) Total time: 7.27 seconds
[2023.03.12-09.25.37:425][  0]LogLoad: (Engine Initialization) Total Blueprint compile time: 0.00 seconds
[2023.03.12-09.25.37:468][  0]LogAssetRegistry: Asset discovery search completed in 4.3059 seconds
[2023.03.12-09.25.37:473][  0]LogCollectionManager: Fixed up redirectors for 0 collections in 0.000003 seconds (updated 0 objects)
[2023.03.12-09.25.37:476][  0]LogContentStreaming: Texture pool size now 1000 MB
[2023.03.12-09.25.37:546][  6]LogSlate: Took 0.000165 seconds to synchronously load lazily loaded font '../../../Engine/Content/Slate/Fonts/Roboto-Light.ttf' (167K)
[2023.03.12-09.25.38:442][107]LogSlate: Took 0.000154 seconds to synchronously load lazily loaded font '../../../Engine/Content/Slate/Fonts/Roboto-Light.ttf' (167K)
[2023.03.12-09.25.56:565][186]LogTemp: Repeating last play command: Selected Viewport
[2023.03.12-09.25.56:569][186]LogPlayLevel: PlayLevel: No blueprints needed recompiling
[2023.03.12-09.25.56:570][186]PIE: New page: PIE session: lvl_Start_level (12 мар. 2023 г., 17:25:56)
[2023.03.12-09.25.56:572][186]LogOnline: OSS: Creating online subsystem instance for: NULL
[2023.03.12-09.25.56:573][186]LogOnline: OSS: TryLoadSubsystemAndSetDefault: Loaded subsystem for module [NULL]
[2023.03.12-09.25.56:573][186]LogPlayLevel: Creating play world package: /Game/Main/Maps/UEDPIE_0_lvl_Start_level
[2023.03.12-09.25.56:578][186]LogPlayLevel: PIE: StaticDuplicateObject took: (0.005511s)
[2023.03.12-09.25.56:579][186]LogAIModule: Creating AISystem for world lvl_Start_level
[2023.03.12-09.25.56:580][186]LogPlayLevel: PIE: World Init took: (0.001115s)
[2023.03.12-09.25.56:580][186]LogPlayLevel: PIE: Created PIE world by copying editor world from /Game/Main/Maps/lvl_Start_level.lvl_Start_level to /Game/Main/Maps/UEDPIE_0_lvl_Start_level.lvl_Start_level (0.006757s)
[2023.03.12-09.25.56:584][186]LogUObjectHash: Compacting FUObjectHashTables data took   0.58ms
[2023.03.12-09.25.56:585][186]LogAudio: Display: Creating Audio Device:                 Id: 2, Scope: Unique, Realtime: True
[2023.03.12-09.25.56:585][186]LogAudioMixer: Display: Audio Mixer Platform Settings:
[2023.03.12-09.25.56:585][186]LogAudioMixer: Display: 	Sample Rate:						  48000
[2023.03.12-09.25.56:585][186]LogAudioMixer: Display: 	Callback Buffer Frame Size Requested: 1024
[2023.03.12-09.25.56:585][186]LogAudioMixer: Display: 	Callback Buffer Frame Size To Use:	  1024
[2023.03.12-09.25.56:585][186]LogAudioMixer: Display: 	Number of buffers to queue:			  2
[2023.03.12-09.25.56:585][186]LogAudioMixer: Display: 	Max Channels (voices):				  32
[2023.03.12-09.25.56:585][186]LogAudioMixer: Display: 	Number of Async Source Workers:		  0
[2023.03.12-09.25.56:585][186]LogAudio: Display: AudioDevice MaxSources: 32
[2023.03.12-09.25.56:585][186]LogAudio: Display: Audio Spatialization Plugin: None (built-in).
[2023.03.12-09.25.56:585][186]LogAudio: Display: Audio Reverb Plugin: None (built-in).
[2023.03.12-09.25.56:585][186]LogAudio: Display: Audio Occlusion Plugin: None (built-in).
[2023.03.12-09.25.56:585][186]LogAudioMixer: Display: Initializing audio mixer.
[2023.03.12-09.25.56:588][186]LogAudioMixer: Display: 0: FrontLeft
[2023.03.12-09.25.56:588][186]LogAudioMixer: Display: 1: FrontRight
[2023.03.12-09.25.56:597][186]LogAudioMixer: Display: Using Audio Device Динамики (High Definition Audio Device)
[2023.03.12-09.25.56:597][186]LogAudioMixer: Display: Initializing Sound Submixes...
[2023.03.12-09.25.56:597][186]LogAudioMixer: Display: Creating Master Submix 'MasterSubmixDefault'
[2023.03.12-09.25.56:597][186]LogAudioMixer: Display: Creating Master Submix 'MasterReverbSubmixDefault'
[2023.03.12-09.25.56:597][186]LogAudioMixer: Display: Creating Master Submix 'MasterEQSubmixDefault'
[2023.03.12-09.25.56:597][186]LogAudioMixer: FMixerPlatformXAudio2::StartAudioStream() called
[2023.03.12-09.25.56:597][186]LogAudioMixer: Display: Output buffers initialized: Frames=1024, Channels=2, Samples=2048
[2023.03.12-09.25.56:598][186]LogAudioMixer: Display: Starting AudioMixerPlatformInterface::RunInternal()
[2023.03.12-09.25.56:598][186]LogAudioMixer: Display: FMixerPlatformXAudio2::SubmitBuffer() called for the first time
[2023.03.12-09.25.56:598][186]LogInit: FAudioDevice initialized.
[2023.03.12-09.25.56:598][186]LogAudio: Display: Audio Device (ID: 2) registered with world 'lvl_Start_level'.
[2023.03.12-09.25.56:740][186]LogLoad: Game class is 'MainGM_C'
[2023.03.12-09.25.56:743][186]LogWorld: Bringing World /Game/Main/Maps/UEDPIE_0_lvl_Start_level.lvl_Start_level up for play (max tick rate 0) at 2023.03.12-13.25.56
[2023.03.12-09.25.56:744][186]LogWorld: Bringing up level for play took: 0.002662
[2023.03.12-09.25.56:744][186]LogOnline: OSS: Creating online subsystem instance for: :Context_1
[2023.03.12-09.25.56:747][186]LogNativeClassHierarchy: Verbose: Native class hierarchy updated for 'MovieSceneCapture' in 0.0003 seconds. Added 20 classes and 0 folders.
[2023.03.12-09.25.56:749][186]PIE: Server logged in
[2023.03.12-09.25.56:750][186]PIE: Play in editor total start time 0,181 seconds.
[2023.03.12-09.26.01:593][754]LogSlate: Updating window title bar state: overlay mode, drag disabled, window buttons hidden, title bar hidden
[2023.03.12-09.26.01:593][754]LogWorld: BeginTearingDown for /Game/Main/Maps/UEDPIE_0_lvl_Start_level
[2023.03.12-09.26.01:593][754]LogWorld: UWorld::CleanupWorld for lvl_Start_level, bSessionEnded=true, bCleanupResources=true
[2023.03.12-09.26.01:594][754]LogSlate: InvalidateAllWidgets triggered.  All widgets were invalidated
[2023.03.12-09.26.01:603][754]LogPlayLevel: Display: Shutting down PIE online subsystems
[2023.03.12-09.26.01:605][754]LogSlate: InvalidateAllWidgets triggered.  All widgets were invalidated
[2023.03.12-09.26.01:610][754]LogAudio: Display: Audio Device unregistered from world 'None'.
[2023.03.12-09.26.01:610][754]LogAudioMixer: FMixerPlatformXAudio2::StopAudioStream() called
[2023.03.12-09.26.01:611][754]LogAudioMixer: FMixerPlatformXAudio2::StopAudioStream() called
[2023.03.12-09.26.01:613][754]LogSlate: Updating window title bar state: overlay mode, drag disabled, window buttons hidden, title bar hidden
[2023.03.12-09.26.01:616][754]LogUObjectHash: Compacting FUObjectHashTables data took   0.89ms
[2023.03.12-09.26.01:660][756]LogPlayLevel: Display: Destroying online subsystem :Context_1
